{"meta": {"format": 3, "version": "7.11.0", "timestamp": "2026-07-21T19:25:32.684685", "branch_coverage": true, "show_contexts": false}, "files": {"src\\compitum\\__init__.py": {"executed_lines": [1, 3, 5], "summary": {"covered_lines": 3, "num_statements": 3, "percent_covered": 100.0, "percent_covered_display": "100", "missing_lines": 0, "excluded_lines": 0, "num_branches": 0, "num_partial_branches": 0, "covered_branches": 0, "missing_branches": 0}, "missing_lines": [], "excluded_lines": [], "executed_branches": [], "missing_branches": [], "functions": {"": {"executed_lines": [1, 3, 5], "summary": {"covered_lines": 3, "num_statements": 3, "percent_covered": 100.0, "percent_covered_display": "100", "missing_lines": 0, "excluded_lines": 0, "num_branches": 0, "num_partial_branches": 0, "covered_branches": 0, "missing_branches": 0}, "missing_lines": [], "excluded_lines": [], "executed_branches": [], "missing_branches": []}}, "classes": {"": {"executed_lines": [1, 3, 5], "summary": {"covered_lines": 3, "num_statements": 3, "percent_covered": 100.0, "percent_covered_display": "100", "missing_lines": 0, "excluded_lines": 0, "num_branches": 0, "num_partial_branches": 0, "covered_branches": 0, "missing_branches": 0}, "missing_lines": [], "excluded_lines": [], "executed_branches": [], "missing_branches": []}}}, "src\\compitum\\applications\\__init__.py": {"executed_lines": [1, 9, 11], "summary": {"covered_lines": 2, "num_statements": 2, "percent_covered": 100.0, "percent_covered_display": "100", "missing_lines": 0, "excluded_lines": 0, "num_branches": 0, "num_partial_branches": 0, "covered_branches": 0, "missing_branches": 0}, "missing_lines": [], "excluded_lines": [], "executed_branches": [], "missing_branches": [], "functions": {"": {"executed_lines": [1, 9, 11], "summary": {"covered_lines": 2, "num_statements": 2, "percent_covered": 100.0, "percent_covered_display": "100", "missing_lines": 0, "excluded_lines": 0, "num_branches": 0, "num_partial_branches": 0, "covered_branches": 0, "missing_branches": 0}, "missing_lines": [], "excluded_lines": [], "executed_branches": [], "missing_branches": []}}, "classes": {"": {"executed_lines": [1, 9, 11], "summary": {"covered_lines": 2, "num_statements": 2, "percent_covered": 100.0, "percent_covered_display": "100", "missing_lines": 0, "excluded_lines": 0, "num_branches": 0, "num_partial_branches": 0, "covered_branches": 0, "missing_branches": 0}, "missing_lines": [], "excluded_lines": [], "executed_branches": [], "missing_branches": []}}}, "src\\compitum\\applications\\fusion\\__init__.py": {"executed_lines": [1, 3], "summary": {"covered_lines": 2, "num_statements": 2, "percent_covered": 100.0, "percent_covered_display": "100", "missing_lines": 0, "excluded_lines": 0, "num_branches": 0, "num_partial_branches": 0, "covered_branches": 0, "missing_branches": 0}, "missing_lines": [], "excluded_lines": [], "executed_branches": [], "missing_branches": [], "functions": {"": {"executed_lines": [1, 3], "summary": {"covered_lines": 2, "num_statements": 2, "percent_covered": 100.0, "percent_covered_display": "100", "missing_lines": 0, "excluded_lines": 0, "num_branches": 0, "num_partial_branches": 0, "covered_branches": 0, "missing_branches": 0}, "missing_lines": [], "excluded_lines": [], "executed_branches": [], "missing_branches": []}}, "classes": {"": {"executed_lines": [1, 3], "summary": {"covered_lines": 2, "num_statements": 2, "percent_covered": 100.0, "percent_covered_display": "100", "missing_lines": 0, "excluded_lines": 0, "num_branches": 0, "num_partial_branches": 0, "covered_branches": 0, "missing_branches": 0}, "missing_lines": [], "excluded_lines": [], "executed_branches": [], "missing_branches": []}}}, "src\\compitum\\applications\\fusion\\diiid_adapter.py": {"executed_lines": [1, 3, 4, 5, 7, 8, 11, 12, 13, 14, 15, 16, 19, 22, 35, 36, 37, 38, 40, 41, 42, 45, 46, 47, 48, 50, 52, 53, 56, 57, 59], "summary": {"covered_lines": 31, "num_statements": 31, "percent_covered": 100.0, "percent_covered_display": "100", "missing_lines": 0, "excluded_lines": 0, "num_branches": 8, "num_partial_branches": 0, "covered_branches": 8, "missing_branches": 0}, "missing_lines": [], "excluded_lines": [], "executed_branches": [[36, 37], [36, 40], [37, 36], [37, 38], [45, 46], [45, 47], [47, 48], [47, 50]], "missing_branches": [], "functions": {"load_shot_csv": {"executed_lines": [35, 36, 37, 38, 40, 41, 42, 45, 46, 47, 48, 50, 52, 53, 56, 57, 59], "summary": {"covered_lines": 17, "num_statements": 17, "percent_covered": 100.0, "percent_covered_display": "100", "missing_lines": 0, "excluded_lines": 0, "num_branches": 8, "num_partial_branches": 0, "covered_branches": 8, "missing_branches": 0}, "missing_lines": [], "excluded_lines": [], "executed_branches": [[36, 37], [36, 40], [37, 36], [37, 38], [45, 46], [45, 47], [47, 48], [47, 50]], "missing_branches": []}, "": {"executed_lines": [1, 3, 4, 5, 7, 8, 11, 12, 13, 14, 15, 16, 19, 22], "summary": {"covered_lines": 14, "num_statements": 14, "percent_covered": 100.0, "percent_covered_display": "100", "missing_lines": 0, "excluded_lines": 0, "num_branches": 0, "num_partial_branches": 0, "covered_branches": 0, "missing_branches": 0}, "missing_lines": [], "excluded_lines": [], "executed_branches": [], "missing_branches": []}}, "classes": {"ShotData": {"executed_lines": [], "summary": {"covered_lines": 0, "num_statements": 0, "percent_covered": 100.0, "percent_covered_display": "100", "missing_lines": 0, "excluded_lines": 0, "num_branches": 0, "num_partial_branches": 0, "covered_branches": 0, "missing_branches": 0}, "missing_lines": [], "excluded_lines": [], "executed_branches": [], "missing_branches": []}, "": {"executed_lines": [1, 3, 4, 5, 7, 8, 11, 12, 13, 14, 15, 16, 19, 22, 35, 36, 37, 38, 40, 41, 42, 45, 46, 47, 48, 50, 52, 53, 56, 57, 59], "summary": {"covered_lines": 31, "num_statements": 31, "percent_covered": 100.0, "percent_covered_display": "100", "missing_lines": 0, "excluded_lines": 0, "num_branches": 8, "num_partial_branches": 0, "covered_branches": 8, "missing_branches": 0}, "missing_lines": [], "excluded_lines": [], "executed_branches": [[36, 37], [36, 40], [37, 36], [37, 38], [45, 46], [45, 47], [47, 48], [47, 50]], "missing_branches": []}}}, "src\\compitum\\applications\\fusion\\eval_offline.py": {"executed_lines": [1, 3, 4, 5, 7, 8, 10, 11, 14, 15, 16, 17, 18, 19, 22, 28, 29, 30, 31, 32, 33, 34, 35, 38, 46, 47, 48, 49, 50, 51, 52, 55, 56, 58, 59, 60, 63, 68, 71, 72, 74, 75, 76, 77, 85], "summary": {"covered_lines": 45, "num_statements": 45, "percent_covered": 100.0, "percent_covered_display": "100", "missing_lines": 0, "excluded_lines": 0, "num_branches": 10, "num_partial_branches": 0, "covered_branches": 10, "missing_branches": 0}, "missing_lines": [], "excluded_lines": [], "executed_branches": [[30, 31], [30, 35], [33, 30], [33, 34], [48, 49], [48, 50], [50, 51], [50, 52], [75, 76], [75, 85]], "missing_branches": [], "functions": {"compute_alarm_series": {"executed_lines": [28, 29, 30, 31, 32, 33, 34, 35], "summary": {"covered_lines": 8, "num_statements": 8, "percent_covered": 100.0, "percent_covered_display": "100", "missing_lines": 0, "excluded_lines": 0, "num_branches": 4, "num_partial_branches": 0, "covered_branches": 4, "missing_branches": 0}, "missing_lines": [], "excluded_lines": [], "executed_branches": [[30, 31], [30, 35], [33, 30], [33, 34]], "missing_branches": []}, "lead_time_from_q_threshold": {"executed_lines": [46, 47, 48, 49, 50, 51, 52], "summary": {"covered_lines": 7, "num_statements": 7, "percent_covered": 100.0, "percent_covered_display": "100", "missing_lines": 0, "excluded_lines": 0, "num_branches": 4, "num_partial_branches": 0, "covered_branches": 4, "missing_branches": 0}, "missing_lines": [], "excluded_lines": [], "executed_branches": [[48, 49], [48, 50], [50, 51], [50, 52]], "missing_branches": []}, "evaluate_shot_csv": {"executed_lines": [56, 58, 59, 60, 63], "summary": {"covered_lines": 5, "num_statements": 5, "percent_covered": 100.0, "percent_covered_display": "100", "missing_lines": 0, "excluded_lines": 0, "num_branches": 0, "num_partial_branches": 0, "covered_branches": 0, "missing_branches": 0}, "missing_lines": [], "excluded_lines": [], "executed_branches": [], "missing_branches": []}, "evaluate_dir_csv": {"executed_lines": [71, 72, 74, 75, 76, 77, 85], "summary": {"covered_lines": 7, "num_statements": 7, "percent_covered": 100.0, "percent_covered_display": "100", "missing_lines": 0, "excluded_lines": 0, "num_branches": 2, "num_partial_branches": 0, "covered_branches": 2, "missing_branches": 0}, "missing_lines": [], "excluded_lines": [], "executed_branches": [[75, 76], [75, 85]], "missing_branches": []}, "": {"executed_lines": [1, 3, 4, 5, 7, 8, 10, 11, 14, 15, 16, 17, 18, 19, 22, 38, 55, 68], "summary": {"covered_lines": 18, "num_statements": 18, "percent_covered": 100.0, "percent_covered_display": "100", "missing_lines": 0, "excluded_lines": 0, "num_branches": 0, "num_partial_branches": 0, "covered_branches": 0, "missing_branches": 0}, "missing_lines": [], "excluded_lines": [], "executed_branches": [], "missing_branches": []}}, "classes": {"LeadTimeResult": {"executed_lines": [], "summary": {"covered_lines": 0, "num_statements": 0, "percent_covered": 100.0, "percent_covered_display": "100", "missing_lines": 0, "excluded_lines": 0, "num_branches": 0, "num_partial_branches": 0, "covered_branches": 0, "missing_branches": 0}, "missing_lines": [], "excluded_lines": [], "executed_branches": [], "missing_branches": []}, "": {"executed_lines": [1, 3, 4, 5, 7, 8, 10, 11, 14, 15, 16, 17, 18, 19, 22, 28, 29, 30, 31, 32, 33, 34, 35, 38, 46, 47, 48, 49, 50, 51, 52, 55, 56, 58, 59, 60, 63, 68, 71, 72, 74, 75, 76, 77, 85], "summary": {"covered_lines": 45, "num_statements": 45, "percent_covered": 100.0, "percent_covered_display": "100", "missing_lines": 0, "excluded_lines": 0, "num_branches": 10, "num_partial_branches": 0, "covered_branches": 10, "missing_branches": 0}, "missing_lines": [], "excluded_lines": [], "executed_branches": [[30, 31], [30, 35], [33, 30], [33, 34], [48, 49], [48, 50], [50, 51], [50, 52], [75, 76], [75, 85]], "missing_branches": []}}}, "src\\compitum\\applications\\fusion\\plasma_monitor.py": {"executed_lines": [1, 3, 4, 6, 8, 9, 12, 13, 14, 15, 16, 17, 18, 19, 20, 22, 24, 27, 28, 35, 47, 48, 49, 50, 51, 52, 53, 54, 55, 56, 57, 58, 59, 61, 62, 63, 64, 65, 66, 67, 68, 69, 70, 72, 73, 74, 76, 77, 79, 89, 90, 91, 94, 95, 99, 100, 101, 104, 105, 107, 108, 109, 111, 120, 121, 122, 124, 133, 135, 136], "summary": {"covered_lines": 68, "num_statements": 68, "percent_covered": 100.0, "percent_covered_display": "100", "missing_lines": 0, "excluded_lines": 2, "num_branches": 18, "num_partial_branches": 0, "covered_branches": 18, "missing_branches": 0}, "missing_lines": [], "excluded_lines": [105, 106], "executed_branches": [[48, 49], [48, 50], [50, 51], [50, 52], [52, 53], [52, 54], [54, 55], [54, 56], [56, 57], [56, 58], [58, 59], [58, 61], [74, 76], [74, 77], [89, 90], [89, 94], [100, 101], [100, 104]], "missing_branches": [], "functions": {"PlasmaMonitor.__init__": {"executed_lines": [47, 48, 49, 50, 51, 52, 53, 54, 55, 56, 57, 58, 59, 61, 62, 63, 64, 65, 66, 67, 68, 69, 70], "summary": {"covered_lines": 23, "num_statements": 23, "percent_covered": 100.0, "percent_covered_display": "100", "missing_lines": 0, "excluded_lines": 0, "num_branches": 12, "num_partial_branches": 0, "covered_branches": 12, "missing_branches": 0}, "missing_lines": [], "excluded_lines": [], "executed_branches": [[48, 49], [48, 50], [50, 51], [50, 52], [52, 53], [52, 54], [54, 55], [54, 56], [56, 57], [56, 58], [58, 59], [58, 61]], "missing_branches": []}, "PlasmaMonitor._normalize": {"executed_lines": [73, 74, 76, 77], "summary": {"covered_lines": 4, "num_statements": 4, "percent_covered": 100.0, "percent_covered_display": "100", "missing_lines": 0, "excluded_lines": 0, "num_branches": 2, "num_partial_branches": 0, "covered_branches": 2, "missing_branches": 0}, "missing_lines": [], "excluded_lines": [], "executed_branches": [[74, 76], [74, 77]], "missing_branches": []}, "PlasmaMonitor.ingest_profile": {"executed_lines": [89, 90, 91, 94, 95, 99, 100, 101, 104, 105, 107, 108, 109, 111, 120, 121, 122, 124], "summary": {"covered_lines": 17, "num_statements": 17, "percent_covered": 100.0, "percent_covered_display": "100", "missing_lines": 0, "excluded_lines": 2, "num_branches": 4, "num_partial_branches": 0, "covered_branches": 4, "missing_branches": 0}, "missing_lines": [], "excluded_lines": [105, 106], "executed_branches": [[89, 90], [89, 94], [100, 101], [100, 104]], "missing_branches": []}, "PlasmaMonitor.reset_equilibrium": {"executed_lines": [135, 136], "summary": {"covered_lines": 2, "num_statements": 2, "percent_covered": 100.0, "percent_covered_display": "100", "missing_lines": 0, "excluded_lines": 0, "num_branches": 0, "num_partial_branches": 0, "covered_branches": 0, "missing_branches": 0}, "missing_lines": [], "excluded_lines": [], "executed_branches": [], "missing_branches": []}, "": {"executed_lines": [1, 3, 4, 6, 8, 9, 12, 13, 14, 15, 16, 17, 18, 19, 20, 22, 24, 27, 28, 35, 72, 79, 133], "summary": {"covered_lines": 22, "num_statements": 22, "percent_covered": 100.0, "percent_covered_display": "100", "missing_lines": 0, "excluded_lines": 0, "num_branches": 0, "num_partial_branches": 0, "covered_branches": 0, "missing_branches": 0}, "missing_lines": [], "excluded_lines": [], "executed_branches": [], "missing_branches": []}}, "classes": {"PlasmaMonitorConfig": {"executed_lines": [], "summary": {"covered_lines": 0, "num_statements": 0, "percent_covered": 100.0, "percent_covered_display": "100", "missing_lines": 0, "excluded_lines": 0, "num_branches": 0, "num_partial_branches": 0, "covered_branches": 0, "missing_branches": 0}, "missing_lines": [], "excluded_lines": [], "executed_branches": [], "missing_branches": []}, "PlasmaMonitor": {"executed_lines": [47, 48, 49, 50, 51, 52, 53, 54, 55, 56, 57, 58, 59, 61, 62, 63, 64, 65, 66, 67, 68, 69, 70, 73, 74, 76, 77, 89, 90, 91, 94, 95, 99, 100, 101, 104, 105, 107, 108, 109, 111, 120, 121, 122, 124, 135, 136], "summary": {"covered_lines": 46, "num_statements": 46, "percent_covered": 100.0, "percent_covered_display": "100", "missing_lines": 0, "excluded_lines": 2, "num_branches": 18, "num_partial_branches": 0, "covered_branches": 18, "missing_branches": 0}, "missing_lines": [], "excluded_lines": [105, 106], "executed_branches": [[48, 49], [48, 50], [50, 51], [50, 52], [52, 53], [52, 54], [54, 55], [54, 56], [56, 57], [56, 58], [58, 59], [58, 61], [74, 76], [74, 77], [89, 90], [89, 94], [100, 101], [100, 104]], "missing_branches": []}, "": {"executed_lines": [1, 3, 4, 6, 8, 9, 12, 13, 14, 15, 16, 17, 18, 19, 20, 22, 24, 27, 28, 35, 72, 79, 133], "summary": {"covered_lines": 22, "num_statements": 22, "percent_covered": 100.0, "percent_covered_display": "100", "missing_lines": 0, "excluded_lines": 0, "num_branches": 0, "num_partial_branches": 0, "covered_branches": 0, "missing_branches": 0}, "missing_lines": [], "excluded_lines": [], "executed_branches": [], "missing_branches": []}}}, "src\\compitum\\applications\\supercon\\__init__.py": {"executed_lines": [1, 3], "summary": {"covered_lines": 2, "num_statements": 2, "percent_covered": 100.0, "percent_covered_display": "100", "missing_lines": 0, "excluded_lines": 0, "num_branches": 0, "num_partial_branches": 0, "covered_branches": 0, "missing_branches": 0}, "missing_lines": [], "excluded_lines": [], "executed_branches": [], "missing_branches": [], "functions": {"": {"executed_lines": [1, 3], "summary": {"covered_lines": 2, "num_statements": 2, "percent_covered": 100.0, "percent_covered_display": "100", "missing_lines": 0, "excluded_lines": 0, "num_branches": 0, "num_partial_branches": 0, "covered_branches": 0, "missing_branches": 0}, "missing_lines": [], "excluded_lines": [], "executed_branches": [], "missing_branches": []}}, "classes": {"": {"executed_lines": [1, 3], "summary": {"covered_lines": 2, "num_statements": 2, "percent_covered": 100.0, "percent_covered_display": "100", "missing_lines": 0, "excluded_lines": 0, "num_branches": 0, "num_partial_branches": 0, "covered_branches": 0, "missing_branches": 0}, "missing_lines": [], "excluded_lines": [], "executed_branches": [], "missing_branches": []}}}, "src\\compitum\\applications\\supercon\\sc_monitor.py": {"executed_lines": [1, 3, 4, 6, 8, 9, 12, 13, 14, 15, 16, 17, 18, 19, 20, 21, 24, 25, 32, 42, 43, 44, 45, 46, 47, 48, 49, 50, 51, 52, 54, 55, 56, 57, 58, 59, 60, 62, 63, 64, 65, 66, 68, 69, 70, 71, 72, 73, 75, 76, 77, 79, 80, 82, 83, 85, 88, 89, 90, 91, 100, 101, 102], "summary": {"covered_lines": 61, "num_statements": 61, "percent_covered": 100.0, "percent_covered_display": "100", "missing_lines": 0, "excluded_lines": 2, "num_branches": 16, "num_partial_branches": 0, "covered_branches": 16, "missing_branches": 0}, "missing_lines": [], "excluded_lines": [80, 81], "executed_branches": [[43, 44], [43, 45], [45, 46], [45, 47], [47, 48], [47, 49], [49, 50], [49, 51], [51, 52], [51, 54], [64, 65], [64, 66], [69, 70], [69, 72], [76, 77], [76, 79]], "missing_branches": [], "functions": {"SuperconMonitor.__init__": {"executed_lines": [42, 43, 44, 45, 46, 47, 48, 49, 50, 51, 52, 54, 55, 56, 57, 58, 59, 60], "summary": {"covered_lines": 18, "num_statements": 18, "percent_covered": 100.0, "percent_covered_display": "100", "missing_lines": 0, "excluded_lines": 0, "num_branches": 10, "num_partial_branches": 0, "covered_branches": 10, "missing_branches": 0}, "missing_lines": [], "excluded_lines": [], "executed_branches": [[43, 44], [43, 45], [45, 46], [45, 47], [47, 48], [47, 49], [49, 50], [49, 51], [51, 52], [51, 54]], "missing_branches": []}, "SuperconMonitor._normalize": {"executed_lines": [63, 64, 65, 66], "summary": {"covered_lines": 4, "num_statements": 4, "percent_covered": 100.0, "percent_covered_display": "100", "missing_lines": 0, "excluded_lines": 0, "num_branches": 2, "num_partial_branches": 0, "covered_branches": 2, "missing_branches": 0}, "missing_lines": [], "excluded_lines": [], "executed_branches": [[64, 65], [64, 66]], "missing_branches": []}, "SuperconMonitor.ingest_features": {"executed_lines": [69, 70, 71, 72, 73, 75, 76, 77, 79, 80, 82, 83, 85, 88, 89, 90, 91], "summary": {"covered_lines": 16, "num_statements": 16, "percent_covered": 100.0, "percent_covered_display": "100", "missing_lines": 0, "excluded_lines": 2, "num_branches": 4, "num_partial_branches": 0, "covered_branches": 4, "missing_branches": 0}, "missing_lines": [], "excluded_lines": [80, 81], "executed_branches": [[69, 70], [69, 72], [76, 77], [76, 79]], "missing_branches": []}, "SuperconMonitor.reset_center": {"executed_lines": [101, 102], "summary": {"covered_lines": 2, "num_statements": 2, "percent_covered": 100.0, "percent_covered_display": "100", "missing_lines": 0, "excluded_lines": 0, "num_branches": 0, "num_partial_branches": 0, "covered_branches": 0, "missing_branches": 0}, "missing_lines": [], "excluded_lines": [], "executed_branches": [], "missing_branches": []}, "": {"executed_lines": [1, 3, 4, 6, 8, 9, 12, 13, 14, 15, 16, 17, 18, 19, 20, 21, 24, 25, 32, 62, 68, 100], "summary": {"covered_lines": 21, "num_statements": 21, "percent_covered": 100.0, "percent_covered_display": "100", "missing_lines": 0, "excluded_lines": 0, "num_branches": 0, "num_partial_branches": 0, "covered_branches": 0, "missing_branches": 0}, "missing_lines": [], "excluded_lines": [], "executed_branches": [], "missing_branches": []}}, "classes": {"SuperconMonitorConfig": {"executed_lines": [], "summary": {"covered_lines": 0, "num_statements": 0, "percent_covered": 100.0, "percent_covered_display": "100", "missing_lines": 0, "excluded_lines": 0, "num_branches": 0, "num_partial_branches": 0, "covered_branches": 0, "missing_branches": 0}, "missing_lines": [], "excluded_lines": [], "executed_branches": [], "missing_branches": []}, "SuperconMonitor": {"executed_lines": [42, 43, 44, 45, 46, 47, 48, 49, 50, 51, 52, 54, 55, 56, 57, 58, 59, 60, 63, 64, 65, 66, 69, 70, 71, 72, 73, 75, 76, 77, 79, 80, 82, 83, 85, 88, 89, 90, 91, 101, 102], "summary": {"covered_lines": 40, "num_statements": 40, "percent_covered": 100.0, "percent_covered_display": "100", "missing_lines": 0, "excluded_lines": 2, "num_branches": 16, "num_partial_branches": 0, "covered_branches": 16, "missing_branches": 0}, "missing_lines": [], "excluded_lines": [80, 81], "executed_branches": [[43, 44], [43, 45], [45, 46], [45, 47], [47, 48], [47, 49], [49, 50], [49, 51], [51, 52], [51, 54], [64, 65], [64, 66], [69, 70], [69, 72], [76, 77], [76, 79]], "missing_branches": []}, "": {"executed_lines": [1, 3, 4, 6, 8, 9, 12, 13, 14, 15, 16, 17, 18, 19, 20, 21, 24, 25, 32, 62, 68, 100], "summary": {"covered_lines": 21, "num_statements": 21, "percent_covered": 100.0, "percent_covered_display": "100", "missing_lines": 0, "excluded_lines": 0, "num_branches": 0, "num_partial_branches": 0, "covered_branches": 0, "missing_branches": 0}, "missing_lines": [], "excluded_lines": [], "executed_branches": [], "missing_branches": []}}}, "src\\compitum\\boundary.py": {"executed_lines": [1, 3, 5, 8, 9, 15, 16, 17, 19, 20, 21, 22, 23, 24, 25, 26, 27, 28, 29, 31, 35], "summary": {"covered_lines": 21, "num_statements": 21, "percent_covered": 100.0, "percent_covered_display": "100", "missing_lines": 0, "excluded_lines": 0, "num_branches": 2, "num_partial_branches": 0, "covered_branches": 2, "missing_branches": 0}, "missing_lines": [], "excluded_lines": [], "executed_branches": [[20, 21], [20, 22]], "missing_branches": [], "functions": {"BoundaryAnalyzer.__init__": {"executed_lines": [15, 16, 17], "summary": {"covered_lines": 3, "num_statements": 3, "percent_covered": 100.0, "percent_covered_display": "100", "missing_lines": 0, "excluded_lines": 0, "num_branches": 0, "num_partial_branches": 0, "covered_branches": 0, "missing_branches": 0}, "missing_lines": [], "excluded_lines": [], "executed_branches": [], "missing_branches": []}, "BoundaryAnalyzer.analyze": {"executed_lines": [20, 21, 22, 23, 24, 25, 26, 27, 28, 29, 31, 35], "summary": {"covered_lines": 12, "num_statements": 12, "percent_covered": 100.0, "percent_covered_display": "100", "missing_lines": 0, "excluded_lines": 0, "num_branches": 2, "num_partial_branches": 0, "covered_branches": 2, "missing_branches": 0}, "missing_lines": [], "excluded_lines": [], "executed_branches": [[20, 21], [20, 22]], "missing_branches": []}, "": {"executed_lines": [1, 3, 5, 8, 9, 19], "summary": {"covered_lines": 6, "num_statements": 6, "percent_covered": 100.0, "percent_covered_display": "100", "missing_lines": 0, "excluded_lines": 0, "num_branches": 0, "num_partial_branches": 0, "covered_branches": 0, "missing_branches": 0}, "missing_lines": [], "excluded_lines": [], "executed_branches": [], "missing_branches": []}}, "classes": {"BoundaryAnalyzer": {"executed_lines": [15, 16, 17, 20, 21, 22, 23, 24, 25, 26, 27, 28, 29, 31, 35], "summary": {"covered_lines": 15, "num_statements": 15, "percent_covered": 100.0, "percent_covered_display": "100", "missing_lines": 0, "excluded_lines": 0, "num_branches": 2, "num_partial_branches": 0, "covered_branches": 2, "missing_branches": 0}, "missing_lines": [], "excluded_lines": [], "executed_branches": [[20, 21], [20, 22]], "missing_branches": []}, "": {"executed_lines": [1, 3, 5, 8, 9, 19], "summary": {"covered_lines": 6, "num_statements": 6, "percent_covered": 100.0, "percent_covered_display": "100", "missing_lines": 0, "excluded_lines": 0, "num_branches": 0, "num_partial_branches": 0, "covered_branches": 0, "missing_branches": 0}, "missing_lines": [], "excluded_lines": [], "executed_branches": [], "missing_branches": []}}}, "src\\compitum\\capabilities.py": {"executed_lines": [1, 2, 5, 6, 7, 8, 9, 11, 12, 13, 14], "summary": {"covered_lines": 11, "num_statements": 11, "percent_covered": 100.0, "percent_covered_display": "100", "missing_lines": 0, "excluded_lines": 0, "num_branches": 2, "num_partial_branches": 0, "covered_branches": 2, "missing_branches": 0}, "missing_lines": [], "excluded_lines": [], "executed_branches": [[12, 13], [12, 14]], "missing_branches": [], "functions": {"Capabilities.supports": {"executed_lines": [12, 13, 14], "summary": {"covered_lines": 3, "num_statements": 3, "percent_covered": 100.0, "percent_covered_display": "100", "missing_lines": 0, "excluded_lines": 0, "num_branches": 2, "num_partial_branches": 0, "covered_branches": 2, "missing_branches": 0}, "missing_lines": [], "excluded_lines": [], "executed_branches": [[12, 13], [12, 14]], "missing_branches": []}, "": {"executed_lines": [1, 2, 5, 6, 7, 8, 9, 11], "summary": {"covered_lines": 8, "num_statements": 8, "percent_covered": 100.0, "percent_covered_display": "100", "missing_lines": 0, "excluded_lines": 0, "num_branches": 0, "num_partial_branches": 0, "covered_branches": 0, "missing_branches": 0}, "missing_lines": [], "excluded_lines": [], "executed_branches": [], "missing_branches": []}}, "classes": {"Capabilities": {"executed_lines": [12, 13, 14], "summary": {"covered_lines": 3, "num_statements": 3, "percent_covered": 100.0, "percent_covered_display": "100", "missing_lines": 0, "excluded_lines": 0, "num_branches": 2, "num_partial_branches": 0, "covered_branches": 2, "missing_branches": 0}, "missing_lines": [], "excluded_lines": [], "executed_branches": [[12, 13], [12, 14]], "missing_branches": []}, "": {"executed_lines": [1, 2, 5, 6, 7, 8, 9, 11], "summary": {"covered_lines": 8, "num_statements": 8, "percent_covered": 100.0, "percent_covered_display": "100", "missing_lines": 0, "excluded_lines": 0, "num_branches": 0, "num_partial_branches": 0, "covered_branches": 0, "missing_branches": 0}, "missing_lines": [], "excluded_lines": [], "executed_branches": [], "missing_branches": []}}}, "src\\compitum\\cli.py": {"executed_lines": [1, 3, 4, 5, 6, 7, 8, 10, 11, 13, 14, 15, 16, 17, 18, 19, 20, 21, 22, 23, 24, 25, 33, 36, 37, 38, 41, 46, 47, 48, 51, 52, 53, 58, 59, 60, 63, 65, 66, 68, 69, 71, 72, 73, 74, 76, 77, 86, 89, 90, 91, 92, 93, 94, 95, 96, 97, 98, 100, 101, 102, 103, 105, 106, 111, 112, 115, 117, 131, 132, 133, 135, 138, 139, 140, 141, 142, 159, 160, 163, 164, 165, 166, 169, 170, 171, 177, 183, 184, 189, 194, 199, 204, 209, 215, 221, 223, 225, 226, 229, 230], "summary": {"covered_lines": 101, "num_statements": 101, "percent_covered": 100.0, "percent_covered_display": "100", "missing_lines": 0, "excluded_lines": 0, "num_branches": 12, "num_partial_branches": 0, "covered_branches": 12, "missing_branches": 0}, "missing_lines": [], "excluded_lines": [], "executed_branches": [[46, 47], [46, 48], [65, 66], [65, 68], [92, 93], [92, 100], [132, 133], [132, 135], [138, -63], [138, 139], [229, -1], [229, 230]], "missing_branches": [], "functions": {"_load_constraints": {"executed_lines": [37, 38], "summary": {"covered_lines": 2, "num_statements": 2, "percent_covered": 100.0, "percent_covered_display": "100", "missing_lines": 0, "excluded_lines": 0, "num_branches": 0, "num_partial_branches": 0, "covered_branches": 0, "missing_branches": 0}, "missing_lines": [], "excluded_lines": [], "executed_branches": [], "missing_branches": []}, "_resolve_config_path": {"executed_lines": [46, 47, 48], "summary": {"covered_lines": 3, "num_statements": 3, "percent_covered": 100.0, "percent_covered_display": "100", "missing_lines": 0, "excluded_lines": 0, "num_branches": 2, "num_partial_branches": 0, "covered_branches": 2, "missing_branches": 0}, "missing_lines": [], "excluded_lines": [], "executed_branches": [[46, 47], [46, 48]], "missing_branches": []}, "_toy_models": {"executed_lines": [52, 53, 58, 59, 60], "summary": {"covered_lines": 5, "num_statements": 5, "percent_covered": 100.0, "percent_covered_display": "100", "missing_lines": 0, "excluded_lines": 0, "num_branches": 0, "num_partial_branches": 0, "covered_branches": 0, "missing_branches": 0}, "missing_lines": [], "excluded_lines": [], "executed_branches": [], "missing_branches": []}, "route_command": {"executed_lines": [65, 66, 68, 69, 71, 72, 73, 74, 76, 77, 86, 89, 90, 91, 92, 93, 94, 95, 96, 97, 98, 100, 101, 102, 103, 105, 106, 111, 112, 115, 117, 131, 132, 133, 135, 138, 139, 140, 141, 142, 159, 160], "summary": {"covered_lines": 42, "num_statements": 42, "percent_covered": 100.0, "percent_covered_display": "100", "missing_lines": 0, "excluded_lines": 0, "num_branches": 8, "num_partial_branches": 0, "covered_branches": 8, "missing_branches": 0}, "missing_lines": [], "excluded_lines": [], "executed_branches": [[65, 66], [65, 68], [92, 93], [92, 100], [132, 133], [132, 135], [138, -63], [138, 139]], "missing_branches": []}, "main": {"executed_lines": [164, 165, 166, 169, 170, 171, 177, 183, 184, 189, 194, 199, 204, 209, 215, 221, 223, 225, 226], "summary": {"covered_lines": 19, "num_statements": 19, "percent_covered": 100.0, "percent_covered_display": "100", "missing_lines": 0, "excluded_lines": 0, "num_branches": 0, "num_partial_branches": 0, "covered_branches": 0, "missing_branches": 0}, "missing_lines": [], "excluded_lines": [], "executed_branches": [], "missing_branches": []}, "": {"executed_lines": [1, 3, 4, 5, 6, 7, 8, 10, 11, 13, 14, 15, 16, 17, 18, 19, 20, 21, 22, 23, 24, 25, 33, 36, 41, 51, 63, 163, 229, 230], "summary": {"covered_lines": 30, "num_statements": 30, "percent_covered": 100.0, "percent_covered_display": "100", "missing_lines": 0, "excluded_lines": 0, "num_branches": 2, "num_partial_branches": 0, "covered_branches": 2, "missing_branches": 0}, "missing_lines": [], "excluded_lines": [], "executed_branches": [[229, -1], [229, 230]], "missing_branches": []}}, "classes": {"": {"executed_lines": [1, 3, 4, 5, 6, 7, 8, 10, 11, 13, 14, 15, 16, 17, 18, 19, 20, 21, 22, 23, 24, 25, 33, 36, 37, 38, 41, 46, 47, 48, 51, 52, 53, 58, 59, 60, 63, 65, 66, 68, 69, 71, 72, 73, 74, 76, 77, 86, 89, 90, 91, 92, 93, 94, 95, 96, 97, 98, 100, 101, 102, 103, 105, 106, 111, 112, 115, 117, 131, 132, 133, 135, 138, 139, 140, 141, 142, 159, 160, 163, 164, 165, 166, 169, 170, 171, 177, 183, 184, 189, 194, 199, 204, 209, 215, 221, 223, 225, 226, 229, 230], "summary": {"covered_lines": 101, "num_statements": 101, "percent_covered": 100.0, "percent_covered_display": "100", "missing_lines": 0, "excluded_lines": 0, "num_branches": 12, "num_partial_branches": 0, "covered_branches": 12, "missing_branches": 0}, "missing_lines": [], "excluded_lines": [], "executed_branches": [[46, 47], [46, 48], [65, 66], [65, 68], [92, 93], [92, 100], [132, 133], [132, 135], [138, -63], [138, 139], [229, -1], [229, 230]], "missing_branches": []}}}, "src\\compitum\\coherence.py": {"executed_lines": [1, 3, 4, 6, 7, 8, 11, 12, 13, 14, 15, 16, 18, 19, 20, 21, 22, 24, 25, 26, 29, 30, 31, 32, 34, 35, 36, 38, 39, 40, 41, 42, 43, 45, 46, 47, 48, 49, 52, 53, 54, 55, 56, 57, 59, 60, 61, 62, 63, 65], "summary": {"covered_lines": 50, "num_statements": 50, "percent_covered": 100.0, "percent_covered_display": "100", "missing_lines": 0, "excluded_lines": 0, "num_branches": 10, "num_partial_branches": 0, "covered_branches": 10, "missing_branches": 0}, "missing_lines": [], "excluded_lines": [], "executed_branches": [[21, 22], [21, 24], [25, -18], [25, 26], [40, 41], [40, 42], [54, 55], [54, 56], [61, 62], [61, 63]], "missing_branches": [], "functions": {"WeightedReservoir.__init__": {"executed_lines": [13, 14, 15, 16], "summary": {"covered_lines": 4, "num_statements": 4, "percent_covered": 100.0, "percent_covered_display": "100", "missing_lines": 0, "excluded_lines": 0, "num_branches": 0, "num_partial_branches": 0, "covered_branches": 0, "missing_branches": 0}, "missing_lines": [], "excluded_lines": [], "executed_branches": [], "missing_branches": []}, "WeightedReservoir.add": {"executed_lines": [19, 20, 21, 22, 24, 25, 26], "summary": {"covered_lines": 7, "num_statements": 7, "percent_covered": 100.0, "percent_covered_display": "100", "missing_lines": 0, "excluded_lines": 0, "num_branches": 4, "num_partial_branches": 0, "covered_branches": 4, "missing_branches": 0}, "missing_lines": [], "excluded_lines": [], "executed_branches": [[21, 22], [21, 24], [25, -18], [25, 26]], "missing_branches": []}, "CoherenceFunctional.__init__": {"executed_lines": [31, 32], "summary": {"covered_lines": 2, "num_statements": 2, "percent_covered": 100.0, "percent_covered_display": "100", "missing_lines": 0, "excluded_lines": 0, "num_branches": 0, "num_partial_branches": 0, "covered_branches": 0, "missing_branches": 0}, "missing_lines": [], "excluded_lines": [], "executed_branches": [], "missing_branches": []}, "CoherenceFunctional.update": {"executed_lines": [35, 36], "summary": {"covered_lines": 2, "num_statements": 2, "percent_covered": 100.0, "percent_covered_display": "100", "missing_lines": 0, "excluded_lines": 0, "num_branches": 0, "num_partial_branches": 0, "covered_branches": 0, "missing_branches": 0}, "missing_lines": [], "excluded_lines": [], "executed_branches": [], "missing_branches": []}, "CoherenceFunctional._fit": {"executed_lines": [39, 40, 41, 42, 43, 45, 46, 47, 48, 49], "summary": {"covered_lines": 10, "num_statements": 10, "percent_covered": 100.0, "percent_covered_display": "100", "missing_lines": 0, "excluded_lines": 0, "num_branches": 2, "num_partial_branches": 0, "covered_branches": 2, "missing_branches": 0}, "missing_lines": [], "excluded_lines": [], "executed_branches": [[40, 41], [40, 42]], "missing_branches": []}, "CoherenceFunctional.log_evidence": {"executed_lines": [53, 54, 55, 56, 57], "summary": {"covered_lines": 5, "num_statements": 5, "percent_covered": 100.0, "percent_covered_display": "100", "missing_lines": 0, "excluded_lines": 0, "num_branches": 2, "num_partial_branches": 0, "covered_branches": 2, "missing_branches": 0}, "missing_lines": [], "excluded_lines": [], "executed_branches": [[54, 55], [54, 56]], "missing_branches": []}, "CoherenceFunctional.batch_log_evidence": {"executed_lines": [60, 61, 62, 63, 65], "summary": {"covered_lines": 5, "num_statements": 5, "percent_covered": 100.0, "percent_covered_display": "100", "missing_lines": 0, "excluded_lines": 0, "num_branches": 2, "num_partial_branches": 0, "covered_branches": 2, "missing_branches": 0}, "missing_lines": [], "excluded_lines": [], "executed_branches": [[61, 62], [61, 63]], "missing_branches": []}, "": {"executed_lines": [1, 3, 4, 6, 7, 8, 11, 12, 18, 29, 30, 34, 38, 52, 59], "summary": {"covered_lines": 15, "num_statements": 15, "percent_covered": 100.0, "percent_covered_display": "100", "missing_lines": 0, "excluded_lines": 0, "num_branches": 0, "num_partial_branches": 0, "covered_branches": 0, "missing_branches": 0}, "missing_lines": [], "excluded_lines": [], "executed_branches": [], "missing_branches": []}}, "classes": {"WeightedReservoir": {"executed_lines": [13, 14, 15, 16, 19, 20, 21, 22, 24, 25, 26], "summary": {"covered_lines": 11, "num_statements": 11, "percent_covered": 100.0, "percent_covered_display": "100", "missing_lines": 0, "excluded_lines": 0, "num_branches": 4, "num_partial_branches": 0, "covered_branches": 4, "missing_branches": 0}, "missing_lines": [], "excluded_lines": [], "executed_branches": [[21, 22], [21, 24], [25, -18], [25, 26]], "missing_branches": []}, "CoherenceFunctional": {"executed_lines": [31, 32, 35, 36, 39, 40, 41, 42, 43, 45, 46, 47, 48, 49, 53, 54, 55, 56, 57, 60, 61, 62, 63, 65], "summary": {"covered_lines": 24, "num_statements": 24, "percent_covered": 100.0, "percent_covered_display": "100", "missing_lines": 0, "excluded_lines": 0, "num_branches": 6, "num_partial_branches": 0, "covered_branches": 6, "missing_branches": 0}, "missing_lines": [], "excluded_lines": [], "executed_branches": [[40, 41], [40, 42], [54, 55], [54, 56], [61, 62], [61, 63]], "missing_branches": []}, "": {"executed_lines": [1, 3, 4, 6, 7, 8, 11, 12, 18, 29, 30, 34, 38, 52, 59], "summary": {"covered_lines": 15, "num_statements": 15, "percent_covered": 100.0, "percent_covered_display": "100", "missing_lines": 0, "excluded_lines": 0, "num_branches": 0, "num_partial_branches": 0, "covered_branches": 0, "missing_branches": 0}, "missing_lines": [], "excluded_lines": [], "executed_branches": [], "missing_branches": []}}}, "src\\compitum\\constraints.py": {"executed_lines": [1, 3, 5, 7, 10, 11, 12, 13, 14, 17, 18, 19, 20, 22, 26, 27, 29, 30, 31, 32, 33, 34, 36, 43, 45, 46, 47, 48, 51, 52, 58, 59, 60, 62, 63, 70, 71, 72, 74, 75, 76, 77, 80, 81, 82, 84, 85, 86, 89, 90, 91, 93, 94, 95, 96, 97, 98, 99, 101], "summary": {"covered_lines": 59, "num_statements": 59, "percent_covered": 100.0, "percent_covered_display": "100", "missing_lines": 0, "excluded_lines": 0, "num_branches": 30, "num_partial_branches": 0, "covered_branches": 30, "missing_branches": 0}, "missing_lines": [], "excluded_lines": [], "executed_branches": [[26, 27], [26, 29], [30, 31], [30, 32], [32, 33], [32, 34], [46, 47], [46, 51], [47, 46], [47, 48], [51, 52], [51, 62], [58, 59], [58, 60], [70, 71], [70, 101], [75, 76], [75, 99], [76, 77], [76, 80], [81, 82], [81, 84], [85, 86], [85, 89], [90, 91], [90, 93], [93, 75], [93, 94], [96, 75], [96, 97]], "missing_branches": [], "functions": {"ReflectiveConstraintSolver.__init__": {"executed_lines": [19, 20], "summary": {"covered_lines": 2, "num_statements": 2, "percent_covered": 100.0, "percent_covered_display": "100", "missing_lines": 0, "excluded_lines": 0, "num_branches": 0, "num_partial_branches": 0, "covered_branches": 0, "missing_branches": 0}, "missing_lines": [], "excluded_lines": [], "executed_branches": [], "missing_branches": []}, "ReflectiveConstraintSolver._is_feasible": {"executed_lines": [26, 27, 29, 30, 31, 32, 33, 34], "summary": {"covered_lines": 8, "num_statements": 8, "percent_covered": 100.0, "percent_covered_display": "100", "missing_lines": 0, "excluded_lines": 0, "num_branches": 6, "num_partial_branches": 0, "covered_branches": 6, "missing_branches": 0}, "missing_lines": [], "excluded_lines": [], "executed_branches": [[26, 27], [26, 29], [30, 31], [30, 32], [32, 33], [32, 34]], "missing_branches": []}, "ReflectiveConstraintSolver.select": {"executed_lines": [43, 45, 46, 47, 48, 51, 52, 58, 59, 60, 62, 63, 70, 71, 72, 74, 75, 76, 77, 80, 81, 82, 84, 85, 86, 89, 90, 91, 93, 94, 95, 96, 97, 98, 99, 101], "summary": {"covered_lines": 36, "num_statements": 36, "percent_covered": 100.0, "percent_covered_display": "100", "missing_lines": 0, "excluded_lines": 0, "num_branches": 24, "num_partial_branches": 0, "covered_branches": 24, "missing_branches": 0}, "missing_lines": [], "excluded_lines": [], "executed_branches": [[46, 47], [46, 51], [47, 46], [47, 48], [51, 52], [51, 62], [58, 59], [58, 60], [70, 71], [70, 101], [75, 76], [75, 99], [76, 77], [76, 80], [81, 82], [81, 84], [85, 86], [85, 89], [90, 91], [90, 93], [93, 75], [93, 94], [96, 75], [96, 97]], "missing_branches": []}, "": {"executed_lines": [1, 3, 5, 7, 10, 11, 12, 13, 14, 17, 18, 22, 36], "summary": {"covered_lines": 13, "num_statements": 13, "percent_covered": 100.0, "percent_covered_display": "100", "missing_lines": 0, "excluded_lines": 0, "num_branches": 0, "num_partial_branches": 0, "covered_branches": 0, "missing_branches": 0}, "missing_lines": [], "excluded_lines": [], "executed_branches": [], "missing_branches": []}}, "classes": {"InfoDict": {"executed_lines": [], "summary": {"covered_lines": 0, "num_statements": 0, "percent_covered": 100.0, "percent_covered_display": "100", "missing_lines": 0, "excluded_lines": 0, "num_branches": 0, "num_partial_branches": 0, "covered_branches": 0, "missing_branches": 0}, "missing_lines": [], "excluded_lines": [], "executed_branches": [], "missing_branches": []}, "ReflectiveConstraintSolver": {"executed_lines": [19, 20, 26, 27, 29, 30, 31, 32, 33, 34, 43, 45, 46, 47, 48, 51, 52, 58, 59, 60, 62, 63, 70, 71, 72, 74, 75, 76, 77, 80, 81, 82, 84, 85, 86, 89, 90, 91, 93, 94, 95, 96, 97, 98, 99, 101], "summary": {"covered_lines": 46, "num_statements": 46, "percent_covered": 100.0, "percent_covered_display": "100", "missing_lines": 0, "excluded_lines": 0, "num_branches": 30, "num_partial_branches": 0, "covered_branches": 30, "missing_branches": 0}, "missing_lines": [], "excluded_lines": [], "executed_branches": [[26, 27], [26, 29], [30, 31], [30, 32], [32, 33], [32, 34], [46, 47], [46, 51], [47, 46], [47, 48], [51, 52], [51, 62], [58, 59], [58, 60], [70, 71], [70, 101], [75, 76], [75, 99], [76, 77], [76, 80], [81, 82], [81, 84], [85, 86], [85, 89], [90, 91], [90, 93], [93, 75], [93, 94], [96, 75], [96, 97]], "missing_branches": []}, "": {"executed_lines": [1, 3, 5, 7, 10, 11, 12, 13, 14, 17, 18, 22, 36], "summary": {"covered_lines": 13, "num_statements": 13, "percent_covered": 100.0, "percent_covered_display": "100", "missing_lines": 0, "excluded_lines": 0, "num_branches": 0, "num_partial_branches": 0, "covered_branches": 0, "missing_branches": 0}, "missing_lines": [], "excluded_lines": [], "executed_branches": [], "missing_branches": []}}}, "src\\compitum\\control.py": {"executed_lines": [1, 3, 5, 8, 9, 18, 19, 20, 21, 22, 23, 25, 27, 30, 38, 40, 42, 45, 46, 47, 48, 51, 54, 56, 58, 67, 70, 71, 72, 73, 74, 75, 76, 79, 80, 87], "summary": {"covered_lines": 34, "num_statements": 34, "percent_covered": 100.0, "percent_covered_display": "100", "missing_lines": 0, "excluded_lines": 0, "num_branches": 6, "num_partial_branches": 0, "covered_branches": 6, "missing_branches": 0}, "missing_lines": [], "excluded_lines": [], "executed_branches": [[45, 46], [45, 47], [47, 48], [47, 51], [72, 73], [72, 76]], "missing_branches": [], "functions": {"LyapunovController.__init__": {"executed_lines": [19, 20, 21, 22, 23], "summary": {"covered_lines": 5, "num_statements": 5, "percent_covered": 100.0, "percent_covered_display": "100", "missing_lines": 0, "excluded_lines": 0, "num_branches": 0, "num_partial_branches": 0, "covered_branches": 0, "missing_branches": 0}, "missing_lines": [], "excluded_lines": [], "executed_branches": [], "missing_branches": []}, "LyapunovController.lyapunov_function": {"executed_lines": [27], "summary": {"covered_lines": 1, "num_statements": 1, "percent_covered": 100.0, "percent_covered_display": "100", "missing_lines": 0, "excluded_lines": 0, "num_branches": 0, "num_partial_branches": 0, "covered_branches": 0, "missing_branches": 0}, "missing_lines": [], "excluded_lines": [], "executed_branches": [], "missing_branches": []}, "LyapunovController.update": {"executed_lines": [38, 40, 42, 45, 46, 47, 48, 51, 54, 56, 58], "summary": {"covered_lines": 11, "num_statements": 11, "percent_covered": 100.0, "percent_covered_display": "100", "missing_lines": 0, "excluded_lines": 0, "num_branches": 4, "num_partial_branches": 0, "covered_branches": 4, "missing_branches": 0}, "missing_lines": [], "excluded_lines": [], "executed_branches": [[45, 46], [45, 47], [47, 48], [47, 51]], "missing_branches": []}, "LyapunovController.batch_update": {"executed_lines": [70, 71, 72, 73, 74, 75, 76], "summary": {"covered_lines": 7, "num_statements": 7, "percent_covered": 100.0, "percent_covered_display": "100", "missing_lines": 0, "excluded_lines": 0, "num_branches": 2, "num_partial_branches": 0, "covered_branches": 2, "missing_branches": 0}, "missing_lines": [], "excluded_lines": [], "executed_branches": [[72, 73], [72, 76]], "missing_branches": []}, "": {"executed_lines": [1, 3, 5, 8, 9, 18, 25, 30, 67, 79, 80, 87], "summary": {"covered_lines": 10, "num_statements": 10, "percent_covered": 100.0, "percent_covered_display": "100", "missing_lines": 0, "excluded_lines": 0, "num_branches": 0, "num_partial_branches": 0, "covered_branches": 0, "missing_branches": 0}, "missing_lines": [], "excluded_lines": [], "executed_branches": [], "missing_branches": []}}, "classes": {"LyapunovController": {"executed_lines": [19, 20, 21, 22, 23, 27, 38, 40, 42, 45, 46, 47, 48, 51, 54, 56, 58, 70, 71, 72, 73, 74, 75, 76], "summary": {"covered_lines": 24, "num_statements": 24, "percent_covered": 100.0, "percent_covered_display": "100", "missing_lines": 0, "excluded_lines": 0, "num_branches": 6, "num_partial_branches": 0, "covered_branches": 6, "missing_branches": 0}, "missing_lines": [], "excluded_lines": [], "executed_branches": [[45, 46], [45, 47], [47, 48], [47, 51], [72, 73], [72, 76]], "missing_branches": []}, "SRMFController": {"executed_lines": [], "summary": {"covered_lines": 0, "num_statements": 0, "percent_covered": 100.0, "percent_covered_display": "100", "missing_lines": 0, "excluded_lines": 0, "num_branches": 0, "num_partial_branches": 0, "covered_branches": 0, "missing_branches": 0}, "missing_lines": [], "excluded_lines": [], "executed_branches": [], "missing_branches": []}, "": {"executed_lines": [1, 3, 5, 8, 9, 18, 25, 30, 67, 79, 80, 87], "summary": {"covered_lines": 10, "num_statements": 10, "percent_covered": 100.0, "percent_covered_display": "100", "missing_lines": 0, "excluded_lines": 0, "num_branches": 0, "num_partial_branches": 0, "covered_branches": 0, "missing_branches": 0}, "missing_lines": [], "excluded_lines": [], "executed_branches": [], "missing_branches": []}}}, "src\\compitum\\effort_qp.py": {"executed_lines": [1, 4, 17, 18, 19, 20, 21, 22], "summary": {"covered_lines": 8, "num_statements": 8, "percent_covered": 100.0, "percent_covered_display": "100", "missing_lines": 0, "excluded_lines": 0, "num_branches": 0, "num_partial_branches": 0, "covered_branches": 0, "missing_branches": 0}, "missing_lines": [], "excluded_lines": [], "executed_branches": [], "missing_branches": [], "functions": {"solve_effort_1d": {"executed_lines": [17, 18, 19, 20, 21, 22], "summary": {"covered_lines": 6, "num_statements": 6, "percent_covered": 100.0, "percent_covered_display": "100", "missing_lines": 0, "excluded_lines": 0, "num_branches": 0, "num_partial_branches": 0, "covered_branches": 0, "missing_branches": 0}, "missing_lines": [], "excluded_lines": [], "executed_branches": [], "missing_branches": []}, "": {"executed_lines": [1, 4], "summary": {"covered_lines": 2, "num_statements": 2, "percent_covered": 100.0, "percent_covered_display": "100", "missing_lines": 0, "excluded_lines": 0, "num_branches": 0, "num_partial_branches": 0, "covered_branches": 0, "missing_branches": 0}, "missing_lines": [], "excluded_lines": [], "executed_branches": [], "missing_branches": []}}, "classes": {"": {"executed_lines": [1, 4, 17, 18, 19, 20, 21, 22], "summary": {"covered_lines": 8, "num_statements": 8, "percent_covered": 100.0, "percent_covered_display": "100", "missing_lines": 0, "excluded_lines": 0, "num_branches": 0, "num_partial_branches": 0, "covered_branches": 0, "missing_branches": 0}, "missing_lines": [], "excluded_lines": [], "executed_branches": [], "missing_branches": []}}}, "src\\compitum\\embedding_pgd.py": {"executed_lines": [1, 3, 5, 8, 9, 13, 14, 16, 20], "summary": {"covered_lines": 8, "num_statements": 8, "percent_covered": 100.0, "percent_covered_display": "100", "missing_lines": 0, "excluded_lines": 0, "num_branches": 0, "num_partial_branches": 0, "covered_branches": 0, "missing_branches": 0}, "missing_lines": [], "excluded_lines": [], "executed_branches": [], "missing_branches": [], "functions": {"EmbeddingPGDExtractor.__init__": {"executed_lines": [14], "summary": {"covered_lines": 1, "num_statements": 1, "percent_covered": 100.0, "percent_covered_display": "100", "missing_lines": 0, "excluded_lines": 0, "num_branches": 0, "num_partial_branches": 0, "covered_branches": 0, "missing_branches": 0}, "missing_lines": [], "excluded_lines": [], "executed_branches": [], "missing_branches": []}, "EmbeddingPGDExtractor.extract_features": {"executed_lines": [20], "summary": {"covered_lines": 1, "num_statements": 1, "percent_covered": 100.0, "percent_covered_display": "100", "missing_lines": 0, "excluded_lines": 0, "num_branches": 0, "num_partial_branches": 0, "covered_branches": 0, "missing_branches": 0}, "missing_lines": [], "excluded_lines": [], "executed_branches": [], "missing_branches": []}, "": {"executed_lines": [1, 3, 5, 8, 9, 13, 16], "summary": {"covered_lines": 6, "num_statements": 6, "percent_covered": 100.0, "percent_covered_display": "100", "missing_lines": 0, "excluded_lines": 0, "num_branches": 0, "num_partial_branches": 0, "covered_branches": 0, "missing_branches": 0}, "missing_lines": [], "excluded_lines": [], "executed_branches": [], "missing_branches": []}}, "classes": {"EmbeddingPGDExtractor": {"executed_lines": [14, 20], "summary": {"covered_lines": 2, "num_statements": 2, "percent_covered": 100.0, "percent_covered_display": "100", "missing_lines": 0, "excluded_lines": 0, "num_branches": 0, "num_partial_branches": 0, "covered_branches": 0, "missing_branches": 0}, "missing_lines": [], "excluded_lines": [], "executed_branches": [], "missing_branches": []}, "": {"executed_lines": [1, 3, 5, 8, 9, 13, 16], "summary": {"covered_lines": 6, "num_statements": 6, "percent_covered": 100.0, "percent_covered_display": "100", "missing_lines": 0, "excluded_lines": 0, "num_branches": 0, "num_partial_branches": 0, "covered_branches": 0, "missing_branches": 0}, "missing_lines": [], "excluded_lines": [], "executed_branches": [], "missing_branches": []}}}, "src\\compitum\\energy.py": {"executed_lines": [1, 3, 4, 6, 8, 9, 10, 11, 14, 15, 18, 19, 20, 21, 22, 23, 25, 26, 27, 29, 30, 31, 33, 41, 42, 43, 44, 45, 48, 49, 50, 54, 56, 57, 64, 72, 80, 86, 94, 95, 96, 97, 99, 107, 108, 111, 114, 115, 116, 119, 120, 121, 124, 132, 139, 140, 141, 152, 153, 154, 158], "summary": {"covered_lines": 61, "num_statements": 61, "percent_covered": 100.0, "percent_covered_display": "100", "missing_lines": 0, "excluded_lines": 0, "num_branches": 8, "num_partial_branches": 0, "covered_branches": 8, "missing_branches": 0}, "missing_lines": [], "excluded_lines": [], "executed_branches": [[56, 57], [56, 72], [95, 96], [95, 97], [140, 141], [140, 152], [153, 154], [153, 158]], "missing_branches": [], "functions": {"SymbolicFreeEnergy.__init__": {"executed_lines": [18, 19, 20, 21, 22, 23], "summary": {"covered_lines": 6, "num_statements": 6, "percent_covered": 100.0, "percent_covered_display": "100", "missing_lines": 0, "excluded_lines": 0, "num_branches": 0, "num_partial_branches": 0, "covered_branches": 0, "missing_branches": 0}, "missing_lines": [], "excluded_lines": [], "executed_branches": [], "missing_branches": []}, "SymbolicFreeEnergy.beta_d": {"executed_lines": [31], "summary": {"covered_lines": 1, "num_statements": 1, "percent_covered": 100.0, "percent_covered_display": "100", "missing_lines": 0, "excluded_lines": 0, "num_branches": 0, "num_partial_branches": 0, "covered_branches": 0, "missing_branches": 0}, "missing_lines": [], "excluded_lines": [], "executed_branches": [], "missing_branches": []}, "SymbolicFreeEnergy.compute": {"executed_lines": [41, 42, 43, 44, 45, 48, 49, 50, 54, 56, 57, 64, 72, 80, 86, 94, 95, 96, 97], "summary": {"covered_lines": 19, "num_statements": 19, "percent_covered": 100.0, "percent_covered_display": "100", "missing_lines": 0, "excluded_lines": 0, "num_branches": 4, "num_partial_branches": 0, "covered_branches": 4, "missing_branches": 0}, "missing_lines": [], "excluded_lines": [], "executed_branches": [[56, 57], [56, 72], [95, 96], [95, 97]], "missing_branches": []}, "SymbolicFreeEnergy.batch_compute": {"executed_lines": [107, 108, 111, 114, 115, 116, 119, 120, 121, 124, 132, 139, 140, 141, 152, 153, 154, 158], "summary": {"covered_lines": 18, "num_statements": 18, "percent_covered": 100.0, "percent_covered_display": "100", "missing_lines": 0, "excluded_lines": 0, "num_branches": 4, "num_partial_branches": 0, "covered_branches": 4, "missing_branches": 0}, "missing_lines": [], "excluded_lines": [], "executed_branches": [[140, 141], [140, 152], [153, 154], [153, 158]], "missing_branches": []}, "": {"executed_lines": [1, 3, 4, 6, 8, 9, 10, 11, 14, 15, 25, 26, 29, 30, 33, 99], "summary": {"covered_lines": 16, "num_statements": 16, "percent_covered": 100.0, "percent_covered_display": "100", "missing_lines": 0, "excluded_lines": 0, "num_branches": 0, "num_partial_branches": 0, "covered_branches": 0, "missing_branches": 0}, "missing_lines": [], "excluded_lines": [], "executed_branches": [], "missing_branches": []}}, "classes": {"SymbolicFreeEnergy": {"executed_lines": [18, 19, 20, 21, 22, 23, 27, 31, 41, 42, 43, 44, 45, 48, 49, 50, 54, 56, 57, 64, 72, 80, 86, 94, 95, 96, 97, 107, 108, 111, 114, 115, 116, 119, 120, 121, 124, 132, 139, 140, 141, 152, 153, 154, 158], "summary": {"covered_lines": 45, "num_statements": 45, "percent_covered": 100.0, "percent_covered_display": "100", "missing_lines": 0, "excluded_lines": 0, "num_branches": 8, "num_partial_branches": 0, "covered_branches": 8, "missing_branches": 0}, "missing_lines": [], "excluded_lines": [], "executed_branches": [[56, 57], [56, 72], [95, 96], [95, 97], [140, 141], [140, 152], [153, 154], [153, 158]], "missing_branches": []}, "": {"executed_lines": [1, 3, 4, 6, 8, 9, 10, 11, 14, 15, 25, 26, 29, 30, 33, 99], "summary": {"covered_lines": 16, "num_statements": 16, "percent_covered": 100.0, "percent_covered_display": "100", "missing_lines": 0, "excluded_lines": 0, "num_branches": 0, "num_partial_branches": 0, "covered_branches": 0, "missing_branches": 0}, "missing_lines": [], "excluded_lines": [], "executed_branches": [], "missing_branches": []}}}, "src\\compitum\\integrations\\matbench_adapter.py": {"executed_lines": [1, 3, 4, 5, 7, 10, 11, 18, 21, 25, 26, 27, 34, 35, 36, 37, 39, 40, 41, 43, 44, 50, 51, 52, 54, 55, 56, 57, 58, 59, 61, 62, 63, 69, 70, 71, 72, 73, 74, 75, 77, 78, 84, 85, 86, 87, 88, 89, 90], "summary": {"covered_lines": 45, "num_statements": 45, "percent_covered": 100.0, "percent_covered_display": "100", "missing_lines": 0, "excluded_lines": 4, "num_branches": 22, "num_partial_branches": 0, "covered_branches": 22, "missing_branches": 0}, "missing_lines": [], "excluded_lines": [18, 19, 21, 22], "executed_branches": [[51, 52], [51, 54], [54, 55], [54, 56], [56, 57], [56, 58], [58, -43], [58, 59], [62, -61], [62, 63], [69, 70], [69, 71], [71, 72], [71, 73], [73, 74], [73, 75], [84, 85], [84, 86], [86, 87], [86, 88], [88, 89], [88, 90]], "missing_branches": [], "functions": {"AbstractMatbenchAdapter.iter_docs": {"executed_lines": [], "summary": {"covered_lines": 0, "num_statements": 0, "percent_covered": 100.0, "percent_covered_display": "100", "missing_lines": 0, "excluded_lines": 1, "num_branches": 0, "num_partial_branches": 0, "covered_branches": 0, "missing_branches": 0}, "missing_lines": [], "excluded_lines": [19], "executed_branches": [], "missing_branches": []}, "AbstractMatbenchAdapter.fields": {"executed_lines": [], "summary": {"covered_lines": 0, "num_statements": 0, "percent_covered": 100.0, "percent_covered_display": "100", "missing_lines": 0, "excluded_lines": 1, "num_branches": 0, "num_partial_branches": 0, "covered_branches": 0, "missing_branches": 0}, "missing_lines": [], "excluded_lines": [22], "executed_branches": [], "missing_branches": []}, "CSVMatbenchAdapter.__post_init__": {"executed_lines": [40, 41], "summary": {"covered_lines": 2, "num_statements": 2, "percent_covered": 100.0, "percent_covered_display": "100", "missing_lines": 0, "excluded_lines": 0, "num_branches": 0, "num_partial_branches": 0, "covered_branches": 0, "missing_branches": 0}, "missing_lines": [], "excluded_lines": [], "executed_branches": [], "missing_branches": []}, "CSVMatbenchAdapter._validate": {"executed_lines": [44, 50, 51, 52, 54, 55, 56, 57, 58, 59], "summary": {"covered_lines": 10, "num_statements": 10, "percent_covered": 100.0, "percent_covered_display": "100", "missing_lines": 0, "excluded_lines": 0, "num_branches": 8, "num_partial_branches": 0, "covered_branches": 8, "missing_branches": 0}, "missing_lines": [], "excluded_lines": [], "executed_branches": [[51, 52], [51, 54], [54, 55], [54, 56], [56, 57], [56, 58], [58, -43], [58, 59]], "missing_branches": []}, "CSVMatbenchAdapter.iter_docs": {"executed_lines": [62, 63, 69, 70, 71, 72, 73, 74, 75], "summary": {"covered_lines": 9, "num_statements": 9, "percent_covered": 100.0, "percent_covered_display": "100", "missing_lines": 0, "excluded_lines": 0, "num_branches": 8, "num_partial_branches": 0, "covered_branches": 8, "missing_branches": 0}, "missing_lines": [], "excluded_lines": [], "executed_branches": [[62, -61], [62, 63], [69, 70], [69, 71], [71, 72], [71, 73], [73, 74], [73, 75]], "missing_branches": []}, "CSVMatbenchAdapter.fields": {"executed_lines": [78, 84, 85, 86, 87, 88, 89, 90], "summary": {"covered_lines": 8, "num_statements": 8, "percent_covered": 100.0, "percent_covered_display": "100", "missing_lines": 0, "excluded_lines": 0, "num_branches": 6, "num_partial_branches": 0, "covered_branches": 6, "missing_branches": 0}, "missing_lines": [], "excluded_lines": [], "executed_branches": [[84, 85], [84, 86], [86, 87], [86, 88], [88, 89], [88, 90]], "missing_branches": []}, "": {"executed_lines": [1, 3, 4, 5, 7, 10, 11, 18, 21, 25, 26, 27, 34, 35, 36, 37, 39, 43, 61, 77], "summary": {"covered_lines": 16, "num_statements": 16, "percent_covered": 100.0, "percent_covered_display": "100", "missing_lines": 0, "excluded_lines": 2, "num_branches": 0, "num_partial_branches": 0, "covered_branches": 0, "missing_branches": 0}, "missing_lines": [], "excluded_lines": [18, 21], "executed_branches": [], "missing_branches": []}}, "classes": {"AbstractMatbenchAdapter": {"executed_lines": [], "summary": {"covered_lines": 0, "num_statements": 0, "percent_covered": 100.0, "percent_covered_display": "100", "missing_lines": 0, "excluded_lines": 2, "num_branches": 0, "num_partial_branches": 0, "covered_branches": 0, "missing_branches": 0}, "missing_lines": [], "excluded_lines": [19, 22], "executed_branches": [], "missing_branches": []}, "CSVMatbenchAdapter": {"executed_lines": [40, 41, 44, 50, 51, 52, 54, 55, 56, 57, 58, 59, 62, 63, 69, 70, 71, 72, 73, 74, 75, 78, 84, 85, 86, 87, 88, 89, 90], "summary": {"covered_lines": 29, "num_statements": 29, "percent_covered": 100.0, "percent_covered_display": "100", "missing_lines": 0, "excluded_lines": 0, "num_branches": 22, "num_partial_branches": 0, "covered_branches": 22, "missing_branches": 0}, "missing_lines": [], "excluded_lines": [], "executed_branches": [[51, 52], [51, 54], [54, 55], [54, 56], [56, 57], [56, 58], [58, -43], [58, 59], [62, -61], [62, 63], [69, 70], [69, 71], [71, 72], [71, 73], [73, 74], [73, 75], [84, 85], [84, 86], [86, 87], [86, 88], [88, 89], [88, 90]], "missing_branches": []}, "": {"executed_lines": [1, 3, 4, 5, 7, 10, 11, 18, 21, 25, 26, 27, 34, 35, 36, 37, 39, 43, 61, 77], "summary": {"covered_lines": 16, "num_statements": 16, "percent_covered": 100.0, "percent_covered_display": "100", "missing_lines": 0, "excluded_lines": 2, "num_branches": 0, "num_partial_branches": 0, "covered_branches": 0, "missing_branches": 0}, "missing_lines": [], "excluded_lines": [18, 21], "executed_branches": [], "missing_branches": []}}}, "src\\compitum\\integrations\\materials_project_audit.py": {"executed_lines": [1, 3, 4, 6, 7, 9, 12, 13, 14, 15, 16, 18, 19, 20, 21, 22, 23, 26, 34, 35, 36, 37, 38, 40, 41, 42, 43, 46, 48, 49, 52, 54, 55, 56, 59, 72, 73, 77, 86, 87, 92, 93, 94, 95, 96, 97, 98, 99, 110], "summary": {"covered_lines": 47, "num_statements": 47, "percent_covered": 100.0, "percent_covered_display": "100", "missing_lines": 0, "excluded_lines": 4, "num_branches": 6, "num_partial_branches": 0, "covered_branches": 6, "missing_branches": 0}, "missing_lines": [], "excluded_lines": [74, 75, 86, 87], "executed_branches": [[19, 20], [19, 21], [21, 22], [21, 23], [93, 94], [93, 110]], "missing_branches": [], "functions": {"SRMFState.current_phase": {"executed_lines": [19, 20, 21, 22, 23], "summary": {"covered_lines": 5, "num_statements": 5, "percent_covered": 100.0, "percent_covered_display": "100", "missing_lines": 0, "excluded_lines": 0, "num_branches": 4, "num_partial_branches": 0, "covered_branches": 4, "missing_branches": 0}, "missing_lines": [], "excluded_lines": [], "executed_branches": [[19, 20], [19, 21], [21, 22], [21, 23]], "missing_branches": []}, "map_material_to_srmf": {"executed_lines": [34, 35, 36, 37, 38, 40, 41, 42, 43], "summary": {"covered_lines": 9, "num_statements": 9, "percent_covered": 100.0, "percent_covered_display": "100", "missing_lines": 0, "excluded_lines": 0, "num_branches": 0, "num_partial_branches": 0, "covered_branches": 0, "missing_branches": 0}, "missing_lines": [], "excluded_lines": [], "executed_branches": [], "missing_branches": []}, "_curvature_kappa": {"executed_lines": [48, 49], "summary": {"covered_lines": 2, "num_statements": 2, "percent_covered": 100.0, "percent_covered_display": "100", "missing_lines": 0, "excluded_lines": 0, "num_branches": 0, "num_partial_branches": 0, "covered_branches": 0, "missing_branches": 0}, "missing_lines": [], "excluded_lines": [], "executed_branches": [], "missing_branches": []}, "_lyapunov_leak": {"executed_lines": [54, 55, 56], "summary": {"covered_lines": 3, "num_statements": 3, "percent_covered": 100.0, "percent_covered_display": "100", "missing_lines": 0, "excluded_lines": 0, "num_branches": 0, "num_partial_branches": 0, "covered_branches": 0, "missing_branches": 0}, "missing_lines": [], "excluded_lines": [], "executed_branches": [], "missing_branches": []}, "audit_the_manifold": {"executed_lines": [72, 73, 77, 86, 87, 92, 93, 94, 95, 96, 97, 98, 99, 110], "summary": {"covered_lines": 12, "num_statements": 12, "percent_covered": 100.0, "percent_covered_display": "100", "missing_lines": 0, "excluded_lines": 4, "num_branches": 2, "num_partial_branches": 0, "covered_branches": 2, "missing_branches": 0}, "missing_lines": [], "excluded_lines": [74, 75, 86, 87], "executed_branches": [[93, 94], [93, 110]], "missing_branches": []}, "": {"executed_lines": [1, 3, 4, 6, 7, 9, 12, 13, 14, 15, 16, 18, 26, 46, 52, 59], "summary": {"covered_lines": 16, "num_statements": 16, "percent_covered": 100.0, "percent_covered_display": "100", "missing_lines": 0, "excluded_lines": 0, "num_branches": 0, "num_partial_branches": 0, "covered_branches": 0, "missing_branches": 0}, "missing_lines": [], "excluded_lines": [], "executed_branches": [], "missing_branches": []}}, "classes": {"SRMFState": {"executed_lines": [19, 20, 21, 22, 23], "summary": {"covered_lines": 5, "num_statements": 5, "percent_covered": 100.0, "percent_covered_display": "100", "missing_lines": 0, "excluded_lines": 0, "num_branches": 4, "num_partial_branches": 0, "covered_branches": 4, "missing_branches": 0}, "missing_lines": [], "excluded_lines": [], "executed_branches": [[19, 20], [19, 21], [21, 22], [21, 23]], "missing_branches": []}, "": {"executed_lines": [1, 3, 4, 6, 7, 9, 12, 13, 14, 15, 16, 18, 26, 34, 35, 36, 37, 38, 40, 41, 42, 43, 46, 48, 49, 52, 54, 55, 56, 59, 72, 73, 77, 86, 87, 92, 93, 94, 95, 96, 97, 98, 99, 110], "summary": {"covered_lines": 42, "num_statements": 42, "percent_covered": 100.0, "percent_covered_display": "100", "missing_lines": 0, "excluded_lines": 4, "num_branches": 2, "num_partial_branches": 0, "covered_branches": 2, "missing_branches": 0}, "missing_lines": [], "excluded_lines": [74, 75, 86, 87], "executed_branches": [[93, 94], [93, 110]], "missing_branches": []}}}, "src\\compitum\\metric.py": {"executed_lines": [1, 3, 4, 6, 7, 8, 9, 11, 14, 15, 17, 18, 19, 20, 21, 24, 26, 28, 29, 30, 32, 36, 40, 41, 42, 43, 44, 45, 46, 47, 48, 55, 60, 61, 62, 63, 64, 65, 66, 67, 68, 69, 70, 72, 73, 77, 78, 79, 80, 81, 82, 84, 85, 87, 91, 93, 99, 100, 102, 104, 107, 116, 127, 136, 137, 138, 140, 142, 144, 149, 151, 155, 156, 159, 160, 161, 162, 163, 165, 166, 168, 170, 171, 172, 174, 175, 176, 177, 178, 179, 180, 181, 182, 183, 185, 186, 187, 188, 190, 193, 194, 195, 196, 198], "summary": {"covered_lines": 101, "num_statements": 101, "percent_covered": 100.0, "percent_covered_display": "100", "missing_lines": 0, "excluded_lines": 9, "num_branches": 20, "num_partial_branches": 0, "covered_branches": 20, "missing_branches": 0}, "missing_lines": [], "excluded_lines": [49, 50, 51, 52, 53, 54, 181, 182, 183], "executed_branches": [[61, 62], [61, 63], [63, 64], [63, 65], [68, 69], [68, 72], [78, 79], [78, 80], [80, 81], [80, 82], [91, 93], [91, 102], [137, 138], [137, 140], [174, 175], [174, 185], [187, 188], [187, 190], [195, 196], [195, 198]], "missing_branches": [], "functions": {"SymbolicManifoldMetric.__init__": {"executed_lines": [17, 18, 19, 20, 21], "summary": {"covered_lines": 5, "num_statements": 5, "percent_covered": 100.0, "percent_covered_display": "100", "missing_lines": 0, "excluded_lines": 0, "num_branches": 0, "num_partial_branches": 0, "covered_branches": 0, "missing_branches": 0}, "missing_lines": [], "excluded_lines": [], "executed_branches": [], "missing_branches": []}, "SymbolicManifoldMetric.metric_matrix": {"executed_lines": [26, 28, 29, 30, 32, 36], "summary": {"covered_lines": 6, "num_statements": 6, "percent_covered": 100.0, "percent_covered_display": "100", "missing_lines": 0, "excluded_lines": 0, "num_branches": 0, "num_partial_branches": 0, "covered_branches": 0, "missing_branches": 0}, "missing_lines": [], "excluded_lines": [], "executed_branches": [], "missing_branches": []}, "SymbolicManifoldMetric._update_cholesky": {"executed_lines": [41, 42, 43, 44, 45, 46, 47, 48, 55], "summary": {"covered_lines": 9, "num_statements": 9, "percent_covered": 100.0, "percent_covered_display": "100", "missing_lines": 0, "excluded_lines": 6, "num_branches": 0, "num_partial_branches": 0, "covered_branches": 0, "missing_branches": 0}, "missing_lines": [], "excluded_lines": [49, 50, 51, 52, 53, 54], "executed_branches": [], "missing_branches": []}, "SymbolicManifoldMetric.distance": {"executed_lines": [61, 62, 63, 64, 65, 66, 67, 68, 69, 70, 72, 73], "summary": {"covered_lines": 12, "num_statements": 12, "percent_covered": 100.0, "percent_covered_display": "100", "missing_lines": 0, "excluded_lines": 0, "num_branches": 6, "num_partial_branches": 0, "covered_branches": 6, "missing_branches": 0}, "missing_lines": [], "excluded_lines": [], "executed_branches": [[61, 62], [61, 63], [63, 64], [63, 65], [68, 69], [68, 72]], "missing_branches": []}, "SymbolicManifoldMetric.batch_distance": {"executed_lines": [78, 79, 80, 81, 82, 84, 85, 87, 91, 93, 99, 100, 102, 104], "summary": {"covered_lines": 14, "num_statements": 14, "percent_covered": 100.0, "percent_covered_display": "100", "missing_lines": 0, "excluded_lines": 0, "num_branches": 6, "num_partial_branches": 0, "covered_branches": 6, "missing_branches": 0}, "missing_lines": [], "excluded_lines": [], "executed_branches": [[78, 79], [78, 80], [80, 81], [80, 82], [91, 93], [91, 102]], "missing_branches": []}, "SymbolicManifoldMetric.update_spd": {"executed_lines": [116], "summary": {"covered_lines": 1, "num_statements": 1, "percent_covered": 100.0, "percent_covered_display": "100", "missing_lines": 0, "excluded_lines": 0, "num_branches": 0, "num_partial_branches": 0, "covered_branches": 0, "missing_branches": 0}, "missing_lines": [], "excluded_lines": [], "executed_branches": [], "missing_branches": []}, "SymbolicManifoldMetric.batch_update_spd": {"executed_lines": [136, 137, 138, 140, 142, 144, 149, 151, 155, 156, 159, 160, 161, 162, 163, 165, 170, 171, 172, 174, 175, 176, 177, 178, 179, 180, 181, 182, 183, 185, 186, 187, 188, 190, 193, 194, 195, 196, 198], "summary": {"covered_lines": 36, "num_statements": 36, "percent_covered": 100.0, "percent_covered_display": "100", "missing_lines": 0, "excluded_lines": 3, "num_branches": 8, "num_partial_branches": 0, "covered_branches": 8, "missing_branches": 0}, "missing_lines": [], "excluded_lines": [181, 182, 183], "executed_branches": [[137, 138], [137, 140], [174, 175], [174, 185], [187, 188], [187, 190], [195, 196], [195, 198]], "missing_branches": []}, "SymbolicManifoldMetric.batch_update_spd.surrogate_energy": {"executed_lines": [166, 168], "summary": {"covered_lines": 2, "num_statements": 2, "percent_covered": 100.0, "percent_covered_display": "100", "missing_lines": 0, "excluded_lines": 0, "num_branches": 0, "num_partial_branches": 0, "covered_branches": 0, "missing_branches": 0}, "missing_lines": [], "excluded_lines": [], "executed_branches": [], "missing_branches": []}, "": {"executed_lines": [1, 3, 4, 6, 7, 8, 9, 11, 14, 15, 24, 40, 60, 77, 107, 127], "summary": {"covered_lines": 16, "num_statements": 16, "percent_covered": 100.0, "percent_covered_display": "100", "missing_lines": 0, "excluded_lines": 0, "num_branches": 0, "num_partial_branches": 0, "covered_branches": 0, "missing_branches": 0}, "missing_lines": [], "excluded_lines": [], "executed_branches": [], "missing_branches": []}}, "classes": {"SymbolicManifoldMetric": {"executed_lines": [17, 18, 19, 20, 21, 26, 28, 29, 30, 32, 36, 41, 42, 43, 44, 45, 46, 47, 48, 55, 61, 62, 63, 64, 65, 66, 67, 68, 69, 70, 72, 73, 78, 79, 80, 81, 82, 84, 85, 87, 91, 93, 99, 100, 102, 104, 116, 136, 137, 138, 140, 142, 144, 149, 151, 155, 156, 159, 160, 161, 162, 163, 165, 166, 168, 170, 171, 172, 174, 175, 176, 177, 178, 179, 180, 181, 182, 183, 185, 186, 187, 188, 190, 193, 194, 195, 196, 198], "summary": {"covered_lines": 85, "num_statements": 85, "percent_covered": 100.0, "percent_covered_display": "100", "missing_lines": 0, "excluded_lines": 9, "num_branches": 20, "num_partial_branches": 0, "covered_branches": 20, "missing_branches": 0}, "missing_lines": [], "excluded_lines": [49, 50, 51, 52, 53, 54, 181, 182, 183], "executed_branches": [[61, 62], [61, 63], [63, 64], [63, 65], [68, 69], [68, 72], [78, 79], [78, 80], [80, 81], [80, 82], [91, 93], [91, 102], [137, 138], [137, 140], [174, 175], [174, 185], [187, 188], [187, 190], [195, 196], [195, 198]], "missing_branches": []}, "": {"executed_lines": [1, 3, 4, 6, 7, 8, 9, 11, 14, 15, 24, 40, 60, 77, 107, 127], "summary": {"covered_lines": 16, "num_statements": 16, "percent_covered": 100.0, "percent_covered_display": "100", "missing_lines": 0, "excluded_lines": 0, "num_branches": 0, "num_partial_branches": 0, "covered_branches": 0, "missing_branches": 0}, "missing_lines": [], "excluded_lines": [], "executed_branches": [], "missing_branches": []}}}, "src\\compitum\\models.py": {"executed_lines": [1, 3, 5, 8, 9, 10, 11, 12, 13], "summary": {"covered_lines": 9, "num_statements": 9, "percent_covered": 100.0, "percent_covered_display": "100", "missing_lines": 0, "excluded_lines": 0, "num_branches": 0, "num_partial_branches": 0, "covered_branches": 0, "missing_branches": 0}, "missing_lines": [], "excluded_lines": [], "executed_branches": [], "missing_branches": [], "functions": {"": {"executed_lines": [1, 3, 5, 8, 9, 10, 11, 12, 13], "summary": {"covered_lines": 9, "num_statements": 9, "percent_covered": 100.0, "percent_covered_display": "100", "missing_lines": 0, "excluded_lines": 0, "num_branches": 0, "num_partial_branches": 0, "covered_branches": 0, "missing_branches": 0}, "missing_lines": [], "excluded_lines": [], "executed_branches": [], "missing_branches": []}}, "classes": {"Model": {"executed_lines": [], "summary": {"covered_lines": 0, "num_statements": 0, "percent_covered": 100.0, "percent_covered_display": "100", "missing_lines": 0, "excluded_lines": 0, "num_branches": 0, "num_partial_branches": 0, "covered_branches": 0, "missing_branches": 0}, "missing_lines": [], "excluded_lines": [], "executed_branches": [], "missing_branches": []}, "": {"executed_lines": [1, 3, 5, 8, 9, 10, 11, 12, 13], "summary": {"covered_lines": 9, "num_statements": 9, "percent_covered": 100.0, "percent_covered_display": "100", "missing_lines": 0, "excluded_lines": 0, "num_branches": 0, "num_partial_branches": 0, "covered_branches": 0, "missing_branches": 0}, "missing_lines": [], "excluded_lines": [], "executed_branches": [], "missing_branches": []}}}, "src\\compitum\\pgd.py": {"executed_lines": [1, 3, 4, 6, 9, 10, 15, 16, 25, 27, 28, 29, 31, 32, 33, 34, 35, 36, 37, 40, 41, 42, 54, 55, 56, 69, 70, 75, 85, 86, 89, 90, 91, 92, 95, 96, 97, 100, 103, 110], "summary": {"covered_lines": 39, "num_statements": 39, "percent_covered": 100.0, "percent_covered_display": "100", "missing_lines": 0, "excluded_lines": 0, "num_branches": 8, "num_partial_branches": 0, "covered_branches": 8, "missing_branches": 0}, "missing_lines": [], "excluded_lines": [], "executed_branches": [[27, 28], [27, 29], [85, 86], [85, 89], [95, 96], [95, 100], [96, 95], [96, 97]], "missing_branches": [], "functions": {"RegexPromptExtractor.__init__": {"executed_lines": [16], "summary": {"covered_lines": 1, "num_statements": 1, "percent_covered": 100.0, "percent_covered_display": "100", "missing_lines": 0, "excluded_lines": 0, "num_branches": 0, "num_partial_branches": 0, "covered_branches": 0, "missing_branches": 0}, "missing_lines": [], "excluded_lines": [], "executed_branches": [], "missing_branches": []}, "RegexPromptExtractor.extract_features": {"executed_lines": [27, 28, 29, 31, 32, 33, 34, 35, 36, 37, 40, 41, 42, 54, 55, 56, 69, 70, 75, 85, 86, 89, 90, 91, 92, 95, 96, 97, 100, 103, 110], "summary": {"covered_lines": 31, "num_statements": 31, "percent_covered": 100.0, "percent_covered_display": "100", "missing_lines": 0, "excluded_lines": 0, "num_branches": 8, "num_partial_branches": 0, "covered_branches": 8, "missing_branches": 0}, "missing_lines": [], "excluded_lines": [], "executed_branches": [[27, 28], [27, 29], [85, 86], [85, 89], [95, 96], [95, 100], [96, 95], [96, 97]], "missing_branches": []}, "": {"executed_lines": [1, 3, 4, 6, 9, 10, 15, 25], "summary": {"covered_lines": 7, "num_statements": 7, "percent_covered": 100.0, "percent_covered_display": "100", "missing_lines": 0, "excluded_lines": 0, "num_branches": 0, "num_partial_branches": 0, "covered_branches": 0, "missing_branches": 0}, "missing_lines": [], "excluded_lines": [], "executed_branches": [], "missing_branches": []}}, "classes": {"RegexPromptExtractor": {"executed_lines": [16, 27, 28, 29, 31, 32, 33, 34, 35, 36, 37, 40, 41, 42, 54, 55, 56, 69, 70, 75, 85, 86, 89, 90, 91, 92, 95, 96, 97, 100, 103, 110], "summary": {"covered_lines": 32, "num_statements": 32, "percent_covered": 100.0, "percent_covered_display": "100", "missing_lines": 0, "excluded_lines": 0, "num_branches": 8, "num_partial_branches": 0, "covered_branches": 8, "missing_branches": 0}, "missing_lines": [], "excluded_lines": [], "executed_branches": [[27, 28], [27, 29], [85, 86], [85, 89], [95, 96], [95, 100], [96, 95], [96, 97]], "missing_branches": []}, "": {"executed_lines": [1, 3, 4, 6, 9, 10, 15, 25], "summary": {"covered_lines": 7, "num_statements": 7, "percent_covered": 100.0, "percent_covered_display": "100", "missing_lines": 0, "excluded_lines": 0, "num_branches": 0, "num_partial_branches": 0, "covered_branches": 0, "missing_branches": 0}, "missing_lines": [], "excluded_lines": [], "executed_branches": [], "missing_branches": []}}}, "src\\compitum\\predictors.py": {"executed_lines": [1, 3, 5, 6, 7, 10, 11, 16, 17, 18, 19, 22, 25, 27, 28, 29, 30, 31, 32, 33, 35, 36, 37, 38, 39, 40], "summary": {"covered_lines": 25, "num_statements": 25, "percent_covered": 100.0, "percent_covered_display": "100", "missing_lines": 0, "excluded_lines": 0, "num_branches": 0, "num_partial_branches": 0, "covered_branches": 0, "missing_branches": 0}, "missing_lines": [], "excluded_lines": [], "executed_branches": [], "missing_branches": [], "functions": {"CalibratedPredictor.__init__": {"executed_lines": [17, 18, 19, 22, 25], "summary": {"covered_lines": 5, "num_statements": 5, "percent_covered": 100.0, "percent_covered_display": "100", "missing_lines": 0, "excluded_lines": 0, "num_branches": 0, "num_partial_branches": 0, "covered_branches": 0, "missing_branches": 0}, "missing_lines": [], "excluded_lines": [], "executed_branches": [], "missing_branches": []}, "CalibratedPredictor.fit": {"executed_lines": [28, 29, 30, 31, 32, 33], "summary": {"covered_lines": 6, "num_statements": 6, "percent_covered": 100.0, "percent_covered_display": "100", "missing_lines": 0, "excluded_lines": 0, "num_branches": 0, "num_partial_branches": 0, "covered_branches": 0, "missing_branches": 0}, "missing_lines": [], "excluded_lines": [], "executed_branches": [], "missing_branches": []}, "CalibratedPredictor.predict": {"executed_lines": [36, 37, 38, 39, 40], "summary": {"covered_lines": 5, "num_statements": 5, "percent_covered": 100.0, "percent_covered_display": "100", "missing_lines": 0, "excluded_lines": 0, "num_branches": 0, "num_partial_branches": 0, "covered_branches": 0, "missing_branches": 0}, "missing_lines": [], "excluded_lines": [], "executed_branches": [], "missing_branches": []}, "": {"executed_lines": [1, 3, 5, 6, 7, 10, 11, 16, 27, 35], "summary": {"covered_lines": 9, "num_statements": 9, "percent_covered": 100.0, "percent_covered_display": "100", "missing_lines": 0, "excluded_lines": 0, "num_branches": 0, "num_partial_branches": 0, "covered_branches": 0, "missing_branches": 0}, "missing_lines": [], "excluded_lines": [], "executed_branches": [], "missing_branches": []}}, "classes": {"CalibratedPredictor": {"executed_lines": [17, 18, 19, 22, 25, 28, 29, 30, 31, 32, 33, 36, 37, 38, 39, 40], "summary": {"covered_lines": 16, "num_statements": 16, "percent_covered": 100.0, "percent_covered_display": "100", "missing_lines": 0, "excluded_lines": 0, "num_branches": 0, "num_partial_branches": 0, "covered_branches": 0, "missing_branches": 0}, "missing_lines": [], "excluded_lines": [], "executed_branches": [], "missing_branches": []}, "": {"executed_lines": [1, 3, 5, 6, 7, 10, 11, 16, 27, 35], "summary": {"covered_lines": 9, "num_statements": 9, "percent_covered": 100.0, "percent_covered_display": "100", "missing_lines": 0, "excluded_lines": 0, "num_branches": 0, "num_partial_branches": 0, "covered_branches": 0, "missing_branches": 0}, "missing_lines": [], "excluded_lines": [], "executed_branches": [], "missing_branches": []}}}, "src\\compitum\\router.py": {"executed_lines": [1, 4, 5, 6, 7, 8, 10, 12, 13, 14, 15, 16, 17, 18, 19, 20, 21, 22, 25, 26, 27, 28, 29, 30, 31, 32, 33, 34, 35, 37, 38, 54, 55, 66, 81, 82, 83, 84, 85, 86, 88, 90, 91, 92, 93, 94, 95, 96, 97, 100, 106, 107, 108, 109, 110, 112, 113, 114, 115, 116, 118, 119, 120, 123, 124, 125, 127, 130, 133, 134, 135, 136, 137, 138, 147, 148, 152, 159, 169, 170, 171, 173, 179, 180, 181, 182, 184, 185, 187, 188, 191, 193, 194, 196, 199, 200, 201, 203, 205, 208, 209, 211, 212, 213, 214, 215, 217, 220, 222, 223, 225, 226, 235, 237, 239, 249, 252, 253, 254, 255, 257, 258, 259, 268, 269, 270, 273, 274, 279, 290, 291, 293, 294, 298], "summary": {"covered_lines": 133, "num_statements": 133, "percent_covered": 100.0, "percent_covered_display": "100", "missing_lines": 0, "excluded_lines": 0, "num_branches": 34, "num_partial_branches": 0, "covered_branches": 34, "missing_branches": 0}, "missing_lines": [], "excluded_lines": [], "executed_branches": [[108, 109], [108, 112], [118, 119], [118, 127], [135, 136], [135, 147], [147, 148], [147, 152], [169, 170], [169, 171], [184, 185], [184, 187], [193, 194], [193, 203], [211, 212], [211, 252], [225, 226], [225, 235], [252, 253], [252, 273], [253, 254], [253, 273], [254, 255], [254, 257], [268, 253], [268, 269], [269, 268], [269, 270], [273, 274], [273, 279], [290, 291], [290, 293], [293, 294], [293, 298]], "missing_branches": [], "functions": {"SwitchCertificate.to_json": {"executed_lines": [38], "summary": {"covered_lines": 1, "num_statements": 1, "percent_covered": 100.0, "percent_covered_display": "100", "missing_lines": 0, "excluded_lines": 0, "num_branches": 0, "num_partial_branches": 0, "covered_branches": 0, "missing_branches": 0}, "missing_lines": [], "excluded_lines": [], "executed_branches": [], "missing_branches": []}, "CompitumRouter.__init__": {"executed_lines": [81, 82, 83, 84, 85, 86, 88, 90, 91, 92, 93, 94, 95, 96, 97], "summary": {"covered_lines": 15, "num_statements": 15, "percent_covered": 100.0, "percent_covered_display": "100", "missing_lines": 0, "excluded_lines": 0, "num_branches": 0, "num_partial_branches": 0, "covered_branches": 0, "missing_branches": 0}, "missing_lines": [], "excluded_lines": [], "executed_branches": [], "missing_branches": []}, "CompitumRouter.route": {"executed_lines": [106, 107, 108, 109, 110, 112, 113, 114, 115, 116, 118, 119, 120, 123, 124, 125, 127, 130, 133, 134, 135, 136, 137, 138, 147, 148, 152, 159, 169, 170, 171], "summary": {"covered_lines": 31, "num_statements": 31, "percent_covered": 100.0, "percent_covered_display": "100", "missing_lines": 0, "excluded_lines": 0, "num_branches": 10, "num_partial_branches": 0, "covered_branches": 10, "missing_branches": 0}, "missing_lines": [], "excluded_lines": [], "executed_branches": [[108, 109], [108, 112], [118, 119], [118, 127], [135, 136], [135, 147], [147, 148], [147, 152], [169, 170], [169, 171]], "missing_branches": []}, "CompitumRouter.batch_route": {"executed_lines": [179, 180, 181, 182, 184, 185, 187, 188, 191, 193, 194, 196, 199, 200, 201, 203, 205, 208, 209, 211, 212, 213, 214, 215, 217, 220, 222, 223, 225, 226, 235, 237, 239, 249, 252, 253, 254, 255, 257, 258, 259, 268, 269, 270, 273, 274, 279, 290, 291, 293, 294, 298], "summary": {"covered_lines": 52, "num_statements": 52, "percent_covered": 100.0, "percent_covered_display": "100", "missing_lines": 0, "excluded_lines": 0, "num_branches": 24, "num_partial_branches": 0, "covered_branches": 24, "missing_branches": 0}, "missing_lines": [], "excluded_lines": [], "executed_branches": [[184, 185], [184, 187], [193, 194], [193, 203], [211, 212], [211, 252], [225, 226], [225, 235], [252, 253], [252, 273], [253, 254], [253, 273], [254, 255], [254, 257], [268, 253], [268, 269], [269, 268], [269, 270], [273, 274], [273, 279], [290, 291], [290, 293], [293, 294], [293, 298]], "missing_branches": []}, "": {"executed_lines": [1, 4, 5, 6, 7, 8, 10, 12, 13, 14, 15, 16, 17, 18, 19, 20, 21, 22, 25, 26, 27, 28, 29, 30, 31, 32, 33, 34, 35, 37, 54, 55, 66, 100, 173], "summary": {"covered_lines": 34, "num_statements": 34, "percent_covered": 100.0, "percent_covered_display": "100", "missing_lines": 0, "excluded_lines": 0, "num_branches": 0, "num_partial_branches": 0, "covered_branches": 0, "missing_branches": 0}, "missing_lines": [], "excluded_lines": [], "executed_branches": [], "missing_branches": []}}, "classes": {"SwitchCertificate": {"executed_lines": [38], "summary": {"covered_lines": 1, "num_statements": 1, "percent_covered": 100.0, "percent_covered_display": "100", "missing_lines": 0, "excluded_lines": 0, "num_branches": 0, "num_partial_branches": 0, "covered_branches": 0, "missing_branches": 0}, "missing_lines": [], "excluded_lines": [], "executed_branches": [], "missing_branches": []}, "CompitumRouter": {"executed_lines": [81, 82, 83, 84, 85, 86, 88, 90, 91, 92, 93, 94, 95, 96, 97, 106, 107, 108, 109, 110, 112, 113, 114, 115, 116, 118, 119, 120, 123, 124, 125, 127, 130, 133, 134, 135, 136, 137, 138, 147, 148, 152, 159, 169, 170, 171, 179, 180, 181, 182, 184, 185, 187, 188, 191, 193, 194, 196, 199, 200, 201, 203, 205, 208, 209, 211, 212, 213, 214, 215, 217, 220, 222, 223, 225, 226, 235, 237, 239, 249, 252, 253, 254, 255, 257, 258, 259, 268, 269, 270, 273, 274, 279, 290, 291, 293, 294, 298], "summary": {"covered_lines": 98, "num_statements": 98, "percent_covered": 100.0, "percent_covered_display": "100", "missing_lines": 0, "excluded_lines": 0, "num_branches": 34, "num_partial_branches": 0, "covered_branches": 34, "missing_branches": 0}, "missing_lines": [], "excluded_lines": [], "executed_branches": [[108, 109], [108, 112], [118, 119], [118, 127], [135, 136], [135, 147], [147, 148], [147, 152], [169, 170], [169, 171], [184, 185], [184, 187], [193, 194], [193, 203], [211, 212], [211, 252], [225, 226], [225, 235], [252, 253], [252, 273], [253, 254], [253, 273], [254, 255], [254, 257], [268, 253], [268, 269], [269, 268], [269, 270], [273, 274], [273, 279], [290, 291], [290, 293], [293, 294], [293, 298]], "missing_branches": []}, "": {"executed_lines": [1, 4, 5, 6, 7, 8, 10, 12, 13, 14, 15, 16, 17, 18, 19, 20, 21, 22, 25, 26, 27, 28, 29, 30, 31, 32, 33, 34, 35, 37, 54, 55, 66, 100, 173], "summary": {"covered_lines": 34, "num_statements": 34, "percent_covered": 100.0, "percent_covered_display": "100", "missing_lines": 0, "excluded_lines": 0, "num_branches": 0, "num_partial_branches": 0, "covered_branches": 0, "missing_branches": 0}, "missing_lines": [], "excluded_lines": [], "executed_branches": [], "missing_branches": []}}}, "src\\compitum\\security.py": {"executed_lines": [1, 3, 4, 5, 6, 7, 8, 11, 16, 19, 24, 27, 32, 33, 36, 38, 39, 40, 41, 42, 45, 46, 47, 48, 49, 50, 51, 52, 53, 56, 62, 64, 66, 67, 68, 69, 72, 80, 81, 83, 85, 86, 87, 88, 89, 90, 91, 92, 93, 94, 95, 96, 97, 99, 100, 101], "summary": {"covered_lines": 56, "num_statements": 56, "percent_covered": 100.0, "percent_covered_display": "100", "missing_lines": 0, "excluded_lines": 0, "num_branches": 8, "num_partial_branches": 0, "covered_branches": 8, "missing_branches": 0}, "missing_lines": [], "excluded_lines": [], "executed_branches": [[81, 83], [81, 86], [88, 89], [88, 90], [91, 92], [91, 99], [94, 95], [94, 97]], "missing_branches": [], "functions": {"is_offline": {"executed_lines": [16], "summary": {"covered_lines": 1, "num_statements": 1, "percent_covered": 100.0, "percent_covered_display": "100", "missing_lines": 0, "excluded_lines": 0, "num_branches": 0, "num_partial_branches": 0, "covered_branches": 0, "missing_branches": 0}, "missing_lines": [], "excluded_lines": [], "executed_branches": [], "missing_branches": []}, "redaction_enabled": {"executed_lines": [24], "summary": {"covered_lines": 1, "num_statements": 1, "percent_covered": 100.0, "percent_covered_display": "100", "missing_lines": 0, "excluded_lines": 0, "num_branches": 0, "num_partial_branches": 0, "covered_branches": 0, "missing_branches": 0}, "missing_lines": [], "excluded_lines": [], "executed_branches": [], "missing_branches": []}, "redact_text": {"executed_lines": [32, 33], "summary": {"covered_lines": 2, "num_statements": 2, "percent_covered": 100.0, "percent_covered_display": "100", "missing_lines": 0, "excluded_lines": 0, "num_branches": 0, "num_partial_branches": 0, "covered_branches": 0, "missing_branches": 0}, "missing_lines": [], "excluded_lines": [], "executed_branches": [], "missing_branches": []}, "file_sha256": {"executed_lines": [38, 39, 40, 41, 42], "summary": {"covered_lines": 5, "num_statements": 5, "percent_covered": 100.0, "percent_covered_display": "100", "missing_lines": 0, "excluded_lines": 0, "num_branches": 0, "num_partial_branches": 0, "covered_branches": 0, "missing_branches": 0}, "missing_lines": [], "excluded_lines": [], "executed_branches": [], "missing_branches": []}, "write_audit_record": {"executed_lines": [62, 64, 66, 67, 68, 69], "summary": {"covered_lines": 6, "num_statements": 6, "percent_covered": 100.0, "percent_covered_display": "100", "missing_lines": 0, "excluded_lines": 0, "num_branches": 0, "num_partial_branches": 0, "covered_branches": 0, "missing_branches": 0}, "missing_lines": [], "excluded_lines": [], "executed_branches": [], "missing_branches": []}, "git_commit_short": {"executed_lines": [80, 81, 83, 85, 86, 87, 88, 89, 90, 91, 92, 93, 94, 95, 96, 97, 99, 100, 101], "summary": {"covered_lines": 19, "num_statements": 19, "percent_covered": 100.0, "percent_covered_display": "100", "missing_lines": 0, "excluded_lines": 0, "num_branches": 8, "num_partial_branches": 0, "covered_branches": 8, "missing_branches": 0}, "missing_lines": [], "excluded_lines": [], "executed_branches": [[81, 83], [81, 86], [88, 89], [88, 90], [91, 92], [91, 99], [94, 95], [94, 97]], "missing_branches": []}, "": {"executed_lines": [1, 3, 4, 5, 6, 7, 8, 11, 19, 27, 36, 45, 46, 47, 48, 49, 50, 51, 52, 53, 56, 72], "summary": {"covered_lines": 22, "num_statements": 22, "percent_covered": 100.0, "percent_covered_display": "100", "missing_lines": 0, "excluded_lines": 0, "num_branches": 0, "num_partial_branches": 0, "covered_branches": 0, "missing_branches": 0}, "missing_lines": [], "excluded_lines": [], "executed_branches": [], "missing_branches": []}}, "classes": {"AuditRecord": {"executed_lines": [], "summary": {"covered_lines": 0, "num_statements": 0, "percent_covered": 100.0, "percent_covered_display": "100", "missing_lines": 0, "excluded_lines": 0, "num_branches": 0, "num_partial_branches": 0, "covered_branches": 0, "missing_branches": 0}, "missing_lines": [], "excluded_lines": [], "executed_branches": [], "missing_branches": []}, "": {"executed_lines": [1, 3, 4, 5, 6, 7, 8, 11, 16, 19, 24, 27, 32, 33, 36, 38, 39, 40, 41, 42, 45, 46, 47, 48, 49, 50, 51, 52, 53, 56, 62, 64, 66, 67, 68, 69, 72, 80, 81, 83, 85, 86, 87, 88, 89, 90, 91, 92, 93, 94, 95, 96, 97, 99, 100, 101], "summary": {"covered_lines": 56, "num_statements": 56, "percent_covered": 100.0, "percent_covered_display": "100", "missing_lines": 0, "excluded_lines": 0, "num_branches": 8, "num_partial_branches": 0, "covered_branches": 8, "missing_branches": 0}, "missing_lines": [], "excluded_lines": [], "executed_branches": [[81, 83], [81, 86], [88, 89], [88, 90], [91, 92], [91, 99], [94, 95], [94, 97]], "missing_branches": []}}}, "src\\compitum\\symbolic.py": {"executed_lines": [1, 3, 4, 7, 8, 13, 14, 15, 16, 17, 19, 20, 24, 26, 28, 29, 32, 33, 35, 36, 38, 39, 42, 43, 45, 47, 50, 51, 53, 55, 57, 58, 61, 64, 65, 67, 70, 71, 72, 73, 75, 77, 80, 82, 87, 88, 89, 90, 91, 92, 93, 94, 95, 96, 97, 98, 100], "summary": {"covered_lines": 53, "num_statements": 53, "percent_covered": 100.0, "percent_covered_display": "100", "missing_lines": 0, "excluded_lines": 2, "num_branches": 12, "num_partial_branches": 0, "covered_branches": 12, "missing_branches": 0}, "missing_lines": [], "excluded_lines": [22, 23], "executed_branches": [[14, 15], [14, 16], [89, 90], [89, 91], [91, 92], [91, 93], [93, 94], [93, 95], [95, 96], [95, 97], [97, 98], [97, 100]], "missing_branches": [], "functions": {"SymbolicValue.__init__": {"executed_lines": [14, 15, 16, 17], "summary": {"covered_lines": 4, "num_statements": 4, "percent_covered": 100.0, "percent_covered_display": "100", "missing_lines": 0, "excluded_lines": 0, "num_branches": 2, "num_partial_branches": 0, "covered_branches": 2, "missing_branches": 0}, "missing_lines": [], "excluded_lines": [], "executed_branches": [[14, 15], [14, 16]], "missing_branches": []}, "SymbolicValue.to_latex": {"executed_lines": [], "summary": {"covered_lines": 0, "num_statements": 0, "percent_covered": 100.0, "percent_covered_display": "100", "missing_lines": 0, "excluded_lines": 1, "num_branches": 0, "num_partial_branches": 0, "covered_branches": 0, "missing_branches": 0}, "missing_lines": [], "excluded_lines": [22], "executed_branches": [], "missing_branches": []}, "SymbolicValue.evaluate": {"executed_lines": [26], "summary": {"covered_lines": 1, "num_statements": 1, "percent_covered": 100.0, "percent_covered_display": "100", "missing_lines": 0, "excluded_lines": 0, "num_branches": 0, "num_partial_branches": 0, "covered_branches": 0, "missing_branches": 0}, "missing_lines": [], "excluded_lines": [], "executed_branches": [], "missing_branches": []}, "SymbolicValue.__repr__": {"executed_lines": [29], "summary": {"covered_lines": 1, "num_statements": 1, "percent_covered": 100.0, "percent_covered_display": "100", "missing_lines": 0, "excluded_lines": 0, "num_branches": 0, "num_partial_branches": 0, "covered_branches": 0, "missing_branches": 0}, "missing_lines": [], "excluded_lines": [], "executed_branches": [], "missing_branches": []}, "SymbolicValue.__add__": {"executed_lines": [33], "summary": {"covered_lines": 1, "num_statements": 1, "percent_covered": 100.0, "percent_covered_display": "100", "missing_lines": 0, "excluded_lines": 0, "num_branches": 0, "num_partial_branches": 0, "covered_branches": 0, "missing_branches": 0}, "missing_lines": [], "excluded_lines": [], "executed_branches": [], "missing_branches": []}, "SymbolicValue.__mul__": {"executed_lines": [36], "summary": {"covered_lines": 1, "num_statements": 1, "percent_covered": 100.0, "percent_covered_display": "100", "missing_lines": 0, "excluded_lines": 0, "num_branches": 0, "num_partial_branches": 0, "covered_branches": 0, "missing_branches": 0}, "missing_lines": [], "excluded_lines": [], "executed_branches": [], "missing_branches": []}, "SymbolicValue.__matmul__": {"executed_lines": [39], "summary": {"covered_lines": 1, "num_statements": 1, "percent_covered": 100.0, "percent_covered_display": "100", "missing_lines": 0, "excluded_lines": 0, "num_branches": 0, "num_partial_branches": 0, "covered_branches": 0, "missing_branches": 0}, "missing_lines": [], "excluded_lines": [], "executed_branches": [], "missing_branches": []}, "SymbolicScalar.to_latex": {"executed_lines": [47], "summary": {"covered_lines": 1, "num_statements": 1, "percent_covered": 100.0, "percent_covered_display": "100", "missing_lines": 0, "excluded_lines": 0, "num_branches": 0, "num_partial_branches": 0, "covered_branches": 0, "missing_branches": 0}, "missing_lines": [], "excluded_lines": [], "executed_branches": [], "missing_branches": []}, "SymbolicMatrix.to_latex": {"executed_lines": [55], "summary": {"covered_lines": 1, "num_statements": 1, "percent_covered": 100.0, "percent_covered_display": "100", "missing_lines": 0, "excluded_lines": 0, "num_branches": 0, "num_partial_branches": 0, "covered_branches": 0, "missing_branches": 0}, "missing_lines": [], "excluded_lines": [], "executed_branches": [], "missing_branches": []}, "SymbolicMatrix.T": {"executed_lines": [61], "summary": {"covered_lines": 1, "num_statements": 1, "percent_covered": 100.0, "percent_covered_display": "100", "missing_lines": 0, "excluded_lines": 0, "num_branches": 0, "num_partial_branches": 0, "covered_branches": 0, "missing_branches": 0}, "missing_lines": [], "excluded_lines": [], "executed_branches": [], "missing_branches": []}, "SymbolicExpression.__init__": {"executed_lines": [70, 71, 72, 73, 75], "summary": {"covered_lines": 5, "num_statements": 5, "percent_covered": 100.0, "percent_covered_display": "100", "missing_lines": 0, "excluded_lines": 0, "num_branches": 0, "num_partial_branches": 0, "covered_branches": 0, "missing_branches": 0}, "missing_lines": [], "excluded_lines": [], "executed_branches": [], "missing_branches": []}, "SymbolicExpression.to_latex": {"executed_lines": [80], "summary": {"covered_lines": 1, "num_statements": 1, "percent_covered": 100.0, "percent_covered_display": "100", "missing_lines": 0, "excluded_lines": 0, "num_branches": 0, "num_partial_branches": 0, "covered_branches": 0, "missing_branches": 0}, "missing_lines": [], "excluded_lines": [], "executed_branches": [], "missing_branches": []}, "SymbolicExpression.evaluate": {"executed_lines": [87, 88, 89, 90, 91, 92, 93, 94, 95, 96, 97, 98, 100], "summary": {"covered_lines": 13, "num_statements": 13, "percent_covered": 100.0, "percent_covered_display": "100", "missing_lines": 0, "excluded_lines": 0, "num_branches": 10, "num_partial_branches": 0, "covered_branches": 10, "missing_branches": 0}, "missing_lines": [], "excluded_lines": [], "executed_branches": [[89, 90], [89, 91], [91, 92], [91, 93], [93, 94], [93, 95], [95, 96], [95, 97], [97, 98], [97, 100]], "missing_branches": []}, "": {"executed_lines": [1, 3, 4, 7, 8, 13, 19, 20, 24, 28, 32, 35, 38, 42, 43, 45, 50, 51, 53, 57, 58, 64, 65, 67, 77, 82], "summary": {"covered_lines": 22, "num_statements": 22, "percent_covered": 100.0, "percent_covered_display": "100", "missing_lines": 0, "excluded_lines": 1, "num_branches": 0, "num_partial_branches": 0, "covered_branches": 0, "missing_branches": 0}, "missing_lines": [], "excluded_lines": [23], "executed_branches": [], "missing_branches": []}}, "classes": {"SymbolicValue": {"executed_lines": [14, 15, 16, 17, 26, 29, 33, 36, 39], "summary": {"covered_lines": 9, "num_statements": 9, "percent_covered": 100.0, "percent_covered_display": "100", "missing_lines": 0, "excluded_lines": 1, "num_branches": 2, "num_partial_branches": 0, "covered_branches": 2, "missing_branches": 0}, "missing_lines": [], "excluded_lines": [22], "executed_branches": [[14, 15], [14, 16]], "missing_branches": []}, "SymbolicScalar": {"executed_lines": [47], "summary": {"covered_lines": 1, "num_statements": 1, "percent_covered": 100.0, "percent_covered_display": "100", "missing_lines": 0, "excluded_lines": 0, "num_branches": 0, "num_partial_branches": 0, "covered_branches": 0, "missing_branches": 0}, "missing_lines": [], "excluded_lines": [], "executed_branches": [], "missing_branches": []}, "SymbolicMatrix": {"executed_lines": [55, 61], "summary": {"covered_lines": 2, "num_statements": 2, "percent_covered": 100.0, "percent_covered_display": "100", "missing_lines": 0, "excluded_lines": 0, "num_branches": 0, "num_partial_branches": 0, "covered_branches": 0, "missing_branches": 0}, "missing_lines": [], "excluded_lines": [], "executed_branches": [], "missing_branches": []}, "SymbolicExpression": {"executed_lines": [70, 71, 72, 73, 75, 80, 87, 88, 89, 90, 91, 92, 93, 94, 95, 96, 97, 98, 100], "summary": {"covered_lines": 19, "num_statements": 19, "percent_covered": 100.0, "percent_covered_display": "100", "missing_lines": 0, "excluded_lines": 0, "num_branches": 10, "num_partial_branches": 0, "covered_branches": 10, "missing_branches": 0}, "missing_lines": [], "excluded_lines": [], "executed_branches": [[89, 90], [89, 91], [91, 92], [91, 93], [93, 94], [93, 95], [95, 96], [95, 97], [97, 98], [97, 100]], "missing_branches": []}, "": {"executed_lines": [1, 3, 4, 7, 8, 13, 19, 20, 24, 28, 32, 35, 38, 42, 43, 45, 50, 51, 53, 57, 58, 64, 65, 67, 77, 82], "summary": {"covered_lines": 22, "num_statements": 22, "percent_covered": 100.0, "percent_covered_display": "100", "missing_lines": 0, "excluded_lines": 1, "num_branches": 0, "num_partial_branches": 0, "covered_branches": 0, "missing_branches": 0}, "missing_lines": [], "excluded_lines": [23], "executed_branches": [], "missing_branches": []}}}, "src\\compitum\\utils.py": {"executed_lines": [1, 3, 4, 6, 9, 10, 12, 13, 14, 17, 20, 21], "summary": {"covered_lines": 12, "num_statements": 12, "percent_covered": 100.0, "percent_covered_display": "100", "missing_lines": 0, "excluded_lines": 0, "num_branches": 2, "num_partial_branches": 0, "covered_branches": 2, "missing_branches": 0}, "missing_lines": [], "excluded_lines": [], "executed_branches": [[10, 12], [10, 17]], "missing_branches": [], "functions": {"split_features": {"executed_lines": [10, 12, 13, 14, 17], "summary": {"covered_lines": 5, "num_statements": 5, "percent_covered": 100.0, "percent_covered_display": "100", "missing_lines": 0, "excluded_lines": 0, "num_branches": 2, "num_partial_branches": 0, "covered_branches": 2, "missing_branches": 0}, "missing_lines": [], "excluded_lines": [], "executed_branches": [[10, 12], [10, 17]], "missing_branches": []}, "pgd_hash": {"executed_lines": [21], "summary": {"covered_lines": 1, "num_statements": 1, "percent_covered": 100.0, "percent_covered_display": "100", "missing_lines": 0, "excluded_lines": 0, "num_branches": 0, "num_partial_branches": 0, "covered_branches": 0, "missing_branches": 0}, "missing_lines": [], "excluded_lines": [], "executed_branches": [], "missing_branches": []}, "": {"executed_lines": [1, 3, 4, 6, 9, 20], "summary": {"covered_lines": 6, "num_statements": 6, "percent_covered": 100.0, "percent_covered_display": "100", "missing_lines": 0, "excluded_lines": 0, "num_branches": 0, "num_partial_branches": 0, "covered_branches": 0, "missing_branches": 0}, "missing_lines": [], "excluded_lines": [], "executed_branches": [], "missing_branches": []}}, "classes": {"": {"executed_lines": [1, 3, 4, 6, 9, 10, 12, 13, 14, 17, 20, 21], "summary": {"covered_lines": 12, "num_statements": 12, "percent_covered": 100.0, "percent_covered_display": "100", "missing_lines": 0, "excluded_lines": 0, "num_branches": 2, "num_partial_branches": 0, "covered_branches": 2, "missing_branches": 0}, "missing_lines": [], "excluded_lines": [], "executed_branches": [[10, 12], [10, 17]], "missing_branches": []}}}}, "totals": {"covered_lines": 1087, "num_statements": 1087, "percent_covered": 100.0, "percent_covered_display": "100", "missing_lines": 0, "excluded_lines": 23, "num_branches": 234, "num_partial_branches": 0, "covered_branches": 234, "missing_branches": 0}}